#
# There is insufficient memory for the Java Runtime Environment to continue.
# Native memory allocation (malloc) failed to allocate 55696 bytes for Chunk::new
# Possible reasons:
#   The system is out of physical RAM or swap space
#   The process is running with CompressedOops enabled, and the Java Heap may be blocking the growth of the native heap
# Possible solutions:
#   Reduce memory load on the system
#   Increase physical memory or swap space
#   Check if swap backing store is full
#   Decrease Java heap size (-Xmx/-Xms)
#   Decrease number of Java threads
#   Decrease Java thread stack sizes (-Xss)
#   Set larger code cache with -XX:ReservedCodeCacheSize=
#   JVM is running with Unscaled Compressed Oops mode in which the Java heap is
#     placed in the first 4GB address space. The Java Heap base address is the
#     maximum limit for the native heap growth. Please use -XX:HeapBaseMinAddress
#     to set the Java Heap base and to place the Java Heap above 4GB virtual address.
# This output file may be truncated or incomplete.
#
#  Out of Memory Error (allocation.cpp:389), pid=130364, tid=0x000000000001cc6c
#
# JRE version: OpenJDK Runtime Environment (Zulu 8.52.0.23-CA-win64) (8.0_282-b08) (build 1.8.0_282-b08)
# Java VM: OpenJDK 64-Bit Server VM (25.282-b08 mixed mode windows-amd64 compressed oops)
# Failed to write core dump. Minidumps are not enabled by default on client versions of Windows
#

---------------  T H R E A D  ---------------

Current thread (0x0000000018b5a800):  JavaThread "C2 CompilerThread1" daemon [_thread_in_native, id=117868, stack(0x0000000018f00000,0x0000000019000000)]

Stack: [0x0000000018f00000,0x0000000019000000]
[error occurred during error reporting (printing stack bounds), id 0xc0000005]

Native frames: (J=compiled Java code, j=interpreted, Vv=VM code, C=native code)


Current CompileTask:
C2:   7738 3151       4       java.io.File::<init> (113 bytes)


---------------  P R O C E S S  ---------------

Java Threads: ( => current thread )
  0x000000001e732800 JavaThread "Okio Watchdog" daemon [_thread_blocked, id=118380, stack(0x0000000021650000,0x0000000021750000)]
  0x000000001d48d000 JavaThread "OkHttp ConnectionPool" daemon [_thread_blocked, id=134836, stack(0x0000000021550000,0x0000000021650000)]
  0x000000001d37c000 JavaThread "ForkJoinPool.commonPool-worker-3" daemon [_thread_blocked, id=110660, stack(0x0000000020980000,0x0000000020a80000)]
  0x000000001957c000 JavaThread "ForkJoinPool.commonPool-worker-2" daemon [_thread_blocked, id=131168, stack(0x0000000020880000,0x0000000020980000)]
  0x000000001c400800 JavaThread "ForkJoinPool.commonPool-worker-1" daemon [_thread_blocked, id=113344, stack(0x0000000020780000,0x0000000020880000)]
  0x000000001cb40800 JavaThread "Keep-Alive-Timer" daemon [_thread_blocked, id=84840, stack(0x0000000020680000,0x0000000020780000)]
  0x000000001dea0800 JavaThread "Exec Stream Pumper" daemon [_thread_in_native, id=134956, stack(0x0000000020580000,0x0000000020680000)]
  0x0000000019409800 JavaThread "Exec Stream Pumper" daemon [_thread_in_native, id=133600, stack(0x0000000020480000,0x0000000020580000)]
  0x0000000019bd6000 JavaThread "UrlChecker-2" daemon [_thread_blocked, id=119900, stack(0x000000001dd10000,0x000000001de10000)]
  0x0000000019bc9000 JavaThread "Exec Default Executor" daemon [_thread_in_native, id=134788, stack(0x000000001c610000,0x000000001c710000)]
  0x0000000018b89800 JavaThread "Service Thread" daemon [_thread_blocked, id=129148, stack(0x0000000019100000,0x0000000019200000)]
  0x0000000018b5e800 JavaThread "C1 CompilerThread2" daemon [_thread_blocked, id=96508, stack(0x0000000019000000,0x0000000019100000)]
=>0x0000000018b5a800 JavaThread "C2 CompilerThread1" daemon [_thread_in_native, id=117868, stack(0x0000000018f00000,0x0000000019000000)]
  0x0000000018b58000 JavaThread "C2 CompilerThread0" daemon [_thread_in_native, id=77844, stack(0x0000000018e00000,0x0000000018f00000)]
  0x0000000018b4e000 JavaThread "Attach Listener" daemon [_thread_blocked, id=133880, stack(0x0000000018d00000,0x0000000018e00000)]
  0x0000000018b47800 JavaThread "Signal Dispatcher" daemon [_thread_blocked, id=134756, stack(0x0000000018c00000,0x0000000018d00000)]
  0x0000000017381000 JavaThread "Finalizer" daemon [_thread_blocked, id=123412, stack(0x00000000185e0000,0x00000000186e0000)]
  0x000000000273d800 JavaThread "Reference Handler" daemon [_thread_blocked, id=134972, stack(0x00000000184e0000,0x00000000185e0000)]
  0x000000000264d000 JavaThread "Forwarding newSession on session null to remote" [_thread_in_Java, id=133900, stack(0x00000000024f0000,0x00000000025f0000)]

Other Threads:
  0x0000000017356800 VMThread [stack: 0x00000000183e0000,0x00000000184e0000] [id=134816]
  0x0000000018b7c800 WatcherThread [stack: 0x0000000019200000,0x0000000019300000] [id=133500]

VM state:not at safepoint (normal execution)

VM Mutex/Monitor currently owned by a thread: None

heap address: 0x0000000080000000, size: 2048 MB, Compressed Oops mode: 32-bit
Narrow klass base: 0x0000000000000000, Narrow klass shift: 3
Compressed class space size: 1073741824 Address: 0x0000000100000000

Heap:
 PSYoungGen      total 237056K, used 90402K [0x00000000d5580000, 0x00000000e7d00000, 0x0000000100000000)
  eden space 226304K, 36% used [0x00000000d5580000,0x00000000da5acc58,0x00000000e3280000)
  from space 10752K, 77% used [0x00000000e3d00000,0x00000000e451bba8,0x00000000e4780000)
  to   space 10752K, 0% used [0x00000000e3280000,0x00000000e3280000,0x00000000e3d00000)
 ParOldGen       total 83968K, used 9787K [0x0000000080000000, 0x0000000085200000, 0x00000000d5580000)
  object space 83968K, 11% used [0x0000000080000000,0x000000008098ede0,0x0000000085200000)
 Metaspace       used 30532K, capacity 31524K, committed 31744K, reserved 1077248K
  class space    used 3574K, capacity 3820K, committed 3840K, reserved 1048576K

Card table byte_map: [0x0000000011b00000,0x0000000011f10000] byte_map_base: 0x0000000011700000

Marking Bits: (ParMarkBitMap*) 0x000000005c311f00
 Begin Bits: [0x00000000125c0000, 0x00000000145c0000)
 End Bits:   [0x00000000145c0000, 0x00000000165c0000)

Polling page: 0x00000000025f0000

CodeCache: size=245760Kb used=14163Kb max_used=14189Kb free=231596Kb
 bounds [0x0000000002740000, 0x0000000003530000, 0x0000000011740000]
 total_blobs=3780 nmethods=3085 adapters=605
 compilation: enabled

Compilation events (10 events):
Event: 7.476 Thread 0x0000000018b5e800 nmethod 3148 0x00000000034d9dd0 code [0x00000000034d9fa0, 0x00000000034da758]
Event: 7.476 Thread 0x0000000018b5e800 3149  s    3       java.io.BufferedOutputStream::write (35 bytes)
Event: 7.476 Thread 0x0000000018b5e800 nmethod 3149 0x00000000034d9590 code [0x00000000034d9720, 0x00000000034d9be8]
Event: 7.727 Thread 0x0000000018b5e800 3150       3       java.util.regex.Pattern$TreeInfo::reset (21 bytes)
Event: 7.727 Thread 0x0000000018b5e800 nmethod 3150 0x00000000034d4f10 code [0x00000000034d5060, 0x00000000034d51d0]
Event: 7.733 Thread 0x0000000018b5a800 3151       4       java.io.File::<init> (113 bytes)
Event: 7.734 Thread 0x0000000018b58000 3152   !   4       org.openqa.selenium.json.Input::init (71 bytes)
Event: 7.735 Thread 0x0000000018b5e800 3153   !   3       java.io.StringReader::read (133 bytes)
Event: 7.735 Thread 0x0000000018b5e800 nmethod 3153 0x00000000034d3f50 code [0x00000000034d4120, 0x00000000034d4a48]
Event: 7.735 Thread 0x0000000018b5e800 3154       3       org.openqa.selenium.json.JsonInput::readString (129 bytes)

GC Heap History (10 events):
Event: 2.661 GC heap before
{Heap before GC invocations=5 (full 0):
 PSYoungGen      total 105984K, used 66208K [0x00000000d5580000, 0x00000000dc480000, 0x0000000100000000)
  eden space 98304K, 59% used [0x00000000d5580000,0x00000000d8ea8b20,0x00000000db580000)
  from space 7680K, 99% used [0x00000000dbd00000,0x00000000dc47f570,0x00000000dc480000)
  to   space 7680K, 0% used [0x00000000db580000,0x00000000db580000,0x00000000dbd00000)
 ParOldGen       total 130048K, used 815K [0x0000000080000000, 0x0000000087f00000, 0x00000000d5580000)
  object space 130048K, 0% used [0x0000000080000000,0x00000000800cbd48,0x0000000087f00000)
 Metaspace       used 20807K, capacity 21090K, committed 21296K, reserved 1069056K
  class space    used 2310K, capacity 2429K, committed 2432K, reserved 1048576K
Event: 2.678 GC heap after
Heap after GC invocations=5 (full 0):
 PSYoungGen      total 105984K, used 7671K [0x00000000d5580000, 0x00000000e2980000, 0x0000000100000000)
  eden space 98304K, 0% used [0x00000000d5580000,0x00000000d5580000,0x00000000db580000)
  from space 7680K, 99% used [0x00000000db580000,0x00000000dbcfdd40,0x00000000dbd00000)
  to   space 10240K, 0% used [0x00000000e1f80000,0x00000000e1f80000,0x00000000e2980000)
 ParOldGen       total 130048K, used 3004K [0x0000000080000000, 0x0000000087f00000, 0x00000000d5580000)
  object space 130048K, 2% used [0x0000000080000000,0x00000000802ef2d8,0x0000000087f00000)
 Metaspace       used 20807K, capacity 21090K, committed 21296K, reserved 1069056K
  class space    used 2310K, capacity 2429K, committed 2432K, reserved 1048576K
}
Event: 2.678 GC heap before
{Heap before GC invocations=6 (full 1):
 PSYoungGen      total 105984K, used 7671K [0x00000000d5580000, 0x00000000e2980000, 0x0000000100000000)
  eden space 98304K, 0% used [0x00000000d5580000,0x00000000d5580000,0x00000000db580000)
  from space 7680K, 99% used [0x00000000db580000,0x00000000dbcfdd40,0x00000000dbd00000)
  to   space 10240K, 0% used [0x00000000e1f80000,0x00000000e1f80000,0x00000000e2980000)
 ParOldGen       total 130048K, used 3004K [0x0000000080000000, 0x0000000087f00000, 0x00000000d5580000)
  object space 130048K, 2% used [0x0000000080000000,0x00000000802ef2d8,0x0000000087f00000)
 Metaspace       used 20807K, capacity 21090K, committed 21296K, reserved 1069056K
  class space    used 2310K, capacity 2429K, committed 2432K, reserved 1048576K
Event: 2.712 GC heap after
Heap after GC invocations=6 (full 1):
 PSYoungGen      total 105984K, used 0K [0x00000000d5580000, 0x00000000e2980000, 0x0000000100000000)
  eden space 98304K, 0% used [0x00000000d5580000,0x00000000d5580000,0x00000000db580000)
  from space 7680K, 0% used [0x00000000db580000,0x00000000db580000,0x00000000dbd00000)
  to   space 10240K, 0% used [0x00000000e1f80000,0x00000000e1f80000,0x00000000e2980000)
 ParOldGen       total 83968K, used 9779K [0x0000000080000000, 0x0000000085200000, 0x00000000d5580000)
  object space 83968K, 11% used [0x0000000080000000,0x000000008098cde0,0x0000000085200000)
 Metaspace       used 20807K, capacity 21090K, committed 21296K, reserved 1069056K
  class space    used 2310K, capacity 2429K, committed 2432K, reserved 1048576K
}
Event: 3.266 GC heap before
{Heap before GC invocations=7 (full 1):
 PSYoungGen      total 105984K, used 98304K [0x00000000d5580000, 0x00000000e2980000, 0x0000000100000000)
  eden space 98304K, 100% used [0x00000000d5580000,0x00000000db580000,0x00000000db580000)
  from space 7680K, 0% used [0x00000000db580000,0x00000000db580000,0x00000000dbd00000)
  to   space 10240K, 0% used [0x00000000e1f80000,0x00000000e1f80000,0x00000000e2980000)
 ParOldGen       total 83968K, used 9779K [0x0000000080000000, 0x0000000085200000, 0x00000000d5580000)
  object space 83968K, 11% used [0x0000000080000000,0x000000008098cde0,0x0000000085200000)
 Metaspace       used 22179K, capacity 22538K, committed 22704K, reserved 1069056K
  class space    used 2425K, capacity 2546K, committed 2560K, reserved 1048576K
Event: 3.270 GC heap after
Heap after GC invocations=7 (full 1):
 PSYoungGen      total 151040K, used 2877K [0x00000000d5580000, 0x00000000e2280000, 0x0000000100000000)
  eden space 147968K, 0% used [0x00000000d5580000,0x00000000d5580000,0x00000000de600000)
  from space 3072K, 93% used [0x00000000e1f80000,0x00000000e224f718,0x00000000e2280000)
  to   space 10752K, 0% used [0x00000000e0d80000,0x00000000e0d80000,0x00000000e1800000)
 ParOldGen       total 83968K, used 9787K [0x0000000080000000, 0x0000000085200000, 0x00000000d5580000)
  object space 83968K, 11% used [0x0000000080000000,0x000000008098ede0,0x0000000085200000)
 Metaspace       used 22179K, capacity 22538K, committed 22704K, reserved 1069056K
  class space    used 2425K, capacity 2546K, committed 2560K, reserved 1048576K
}
Event: 4.086 GC heap before
{Heap before GC invocations=8 (full 1):
 PSYoungGen      total 151040K, used 150845K [0x00000000d5580000, 0x00000000e2280000, 0x0000000100000000)
  eden space 147968K, 100% used [0x00000000d5580000,0x00000000de600000,0x00000000de600000)
  from space 3072K, 93% used [0x00000000e1f80000,0x00000000e224f718,0x00000000e2280000)
  to   space 10752K, 0% used [0x00000000e0d80000,0x00000000e0d80000,0x00000000e1800000)
 ParOldGen       total 83968K, used 9787K [0x0000000080000000, 0x0000000085200000, 0x00000000d5580000)
  object space 83968K, 11% used [0x0000000080000000,0x000000008098ede0,0x0000000085200000)
 Metaspace       used 23023K, capacity 23464K, committed 23680K, reserved 1071104K
  class space    used 2490K, capacity 2620K, committed 2688K, reserved 1048576K
Event: 4.101 GC heap after
Heap after GC invocations=8 (full 1):
 PSYoungGen      total 199168K, used 6685K [0x00000000d5580000, 0x00000000e4780000, 0x0000000100000000)
  eden space 188416K, 0% used [0x00000000d5580000,0x00000000d5580000,0x00000000e0d80000)
  from space 10752K, 62% used [0x00000000e0d80000,0x00000000e14074a0,0x00000000e1800000)
  to   space 10752K, 0% used [0x00000000e3d00000,0x00000000e3d00000,0x00000000e4780000)
 ParOldGen       total 83968K, used 9787K [0x0000000080000000, 0x0000000085200000, 0x00000000d5580000)
  object space 83968K, 11% used [0x0000000080000000,0x000000008098ede0,0x0000000085200000)
 Metaspace       used 23023K, capacity 23464K, committed 23680K, reserved 1071104K
  class space    used 2490K, capacity 2620K, committed 2688K, reserved 1048576K
}
Event: 5.182 GC heap before
{Heap before GC invocations=9 (full 1):
 PSYoungGen      total 199168K, used 195101K [0x00000000d5580000, 0x00000000e4780000, 0x0000000100000000)
  eden space 188416K, 100% used [0x00000000d5580000,0x00000000e0d80000,0x00000000e0d80000)
  from space 10752K, 62% used [0x00000000e0d80000,0x00000000e14074a0,0x00000000e1800000)
  to   space 10752K, 0% used [0x00000000e3d00000,0x00000000e3d00000,0x00000000e4780000)
 ParOldGen       total 83968K, used 9787K [0x0000000080000000, 0x0000000085200000, 0x00000000d5580000)
  object space 83968K, 11% used [0x0000000080000000,0x000000008098ede0,0x0000000085200000)
 Metaspace       used 24396K, capacity 24862K, committed 25216K, reserved 1071104K
  class space    used 2699K, capacity 2850K, committed 2944K, reserved 1048576K
Event: 5.189 GC heap after
Heap after GC invocations=9 (full 1):
 PSYoungGen      total 237056K, used 8302K [0x00000000d5580000, 0x00000000e7d00000, 0x0000000100000000)
  eden space 226304K, 0% used [0x00000000d5580000,0x00000000d5580000,0x00000000e3280000)
  from space 10752K, 77% used [0x00000000e3d00000,0x00000000e451bba8,0x00000000e4780000)
  to   space 10752K, 0% used [0x00000000e3280000,0x00000000e3280000,0x00000000e3d00000)
 ParOldGen       total 83968K, used 9787K [0x0000000080000000, 0x0000000085200000, 0x00000000d5580000)
  object space 83968K, 11% used [0x0000000080000000,0x000000008098ede0,0x0000000085200000)
 Metaspace       used 24396K, capacity 24862K, committed 25216K, reserved 1071104K
  class space    used 2699K, capacity 2850K, committed 2944K, reserved 1048576K
}

Deoptimization events (10 events):
Event: 6.608 Thread 0x000000000264d000 Uncommon trap: reason=bimorphic action=maybe_recompile pc=0x00000000033436b4 method=java.util.regex.Matcher.search(I)Z @ 86
Event: 6.608 Thread 0x000000000264d000 Uncommon trap: reason=bimorphic action=maybe_recompile pc=0x00000000033436b4 method=java.util.regex.Matcher.search(I)Z @ 86
Event: 6.608 Thread 0x000000000264d000 Uncommon trap: reason=bimorphic action=maybe_recompile pc=0x00000000033436b4 method=java.util.regex.Matcher.search(I)Z @ 86
Event: 6.608 Thread 0x000000000264d000 Uncommon trap: reason=unstable_if action=reinterpret pc=0x00000000032f2c90 method=java.util.regex.Pattern$CharProperty.match(Ljava/util/regex/Matcher;ILjava/lang/CharSequence;)Z @ 21
Event: 6.715 Thread 0x000000000264d000 Uncommon trap: reason=class_check action=maybe_recompile pc=0x0000000002860d58 method=java.io.DataInputStream.readChar()C @ 4
Event: 6.715 Thread 0x000000000264d000 Uncommon trap: reason=class_check action=maybe_recompile pc=0x0000000002860d58 method=java.io.DataInputStream.readChar()C @ 4
Event: 6.715 Thread 0x000000000264d000 Uncommon trap: reason=class_check action=maybe_recompile pc=0x0000000002860d58 method=java.io.DataInputStream.readChar()C @ 4
Event: 6.715 Thread 0x000000000264d000 Uncommon trap: reason=class_check action=maybe_recompile pc=0x0000000002860d58 method=java.io.DataInputStream.readChar()C @ 4
Event: 6.753 Thread 0x000000000264d000 Uncommon trap: reason=class_check action=maybe_recompile pc=0x0000000003369e1c method=java.util.HashSet.contains(Ljava/lang/Object;)Z @ 5
Event: 6.753 Thread 0x000000000264d000 Uncommon trap: reason=class_check action=maybe_recompile pc=0x0000000003369e1c method=java.util.HashSet.contains(Ljava/lang/Object;)Z @ 5

Classes redefined (0 events):
No events

Internal exceptions (10 events):
Event: 5.234 Thread 0x000000000264d000 Exception <a 'java/lang/ClassNotFoundException': com/kms/katalon/core/webui/keyword/builtin/OpenBrowserKeywordBeanInfo> (0x00000000d5e609d8) thrown at [C:\jenkins\workspace\zulu8-silver-build-win64\zulu-src\hotspot\src\share\vm\classfile\systemDictionary.
Event: 5.237 Thread 0x000000000264d000 Exception <a 'java/lang/ClassNotFoundException': com/kms/katalon/core/webui/keyword/internal/WebUIAbstractKeywordBeanInfo> (0x00000000d5f46160) thrown at [C:\jenkins\workspace\zulu8-silver-build-win64\zulu-src\hotspot\src\share\vm\classfile\systemDictiona
Event: 5.240 Thread 0x000000000264d000 Exception <a 'java/lang/ClassNotFoundException': com/kms/katalon/core/webui/keyword/internal/WebUIAbstractKeywordCustomizer> (0x00000000d6030c78) thrown at [C:\jenkins\workspace\zulu8-silver-build-win64\zulu-src\hotspot\src\share\vm\classfile\systemDictio
Event: 5.243 Thread 0x000000000264d000 Exception <a 'java/lang/ClassNotFoundException': com/kms/katalon/core/webui/keyword/builtin/OpenBrowserKeywordCustomizer> (0x00000000d611bd60) thrown at [C:\jenkins\workspace\zulu8-silver-build-win64\zulu-src\hotspot\src\share\vm\classfile\systemDictionar
Event: 5.252 Thread 0x000000000264d000 Exception <a 'java/lang/ClassNotFoundException': com/kms/katalon/core/webui/keyword/builtin/InternalSmartWaitGroovyWrapperBeanInfo> (0x00000000d6397780) thrown at [C:\jenkins\workspace\zulu8-silver-build-win64\zulu-src\hotspot\src\share\vm\classfile\syste
Event: 5.255 Thread 0x000000000264d000 Exception <a 'java/lang/ClassNotFoundException': com/kms/katalon/core/webui/keyword/builtin/InternalSmartWaitGroovyWrapperCustomizer> (0x00000000d6497240) thrown at [C:\jenkins\workspace\zulu8-silver-build-win64\zulu-src\hotspot\src\share\vm\classfile\sys
Event: 6.303 Thread 0x0000000019bd6000 Exception <a 'java/net/SocketTimeoutException': connect timed out> (0x00000000d8710568) thrown at [C:\jenkins\workspace\zulu8-silver-build-win64\zulu-src\hotspot\src\share\vm\prims\jni.cpp, line 738]
Event: 6.385 Thread 0x000000000264d000 Exception <a 'java/lang/IncompatibleClassChangeError': Found class java.lang.Object, but interface was expected> (0x00000000d84aa1b0) thrown at [C:\jenkins\workspace\zulu8-silver-build-win64\zulu-src\hotspot\src\share\vm\interpreter\linkResolver.cpp, line
Event: 6.388 Thread 0x000000000264d000 Exception <a 'java/lang/NoSuchMethodError': java.lang.Object.lambda$or$2(Ljava/util/function/Predicate;Ljava/lang/Object;)Z> (0x00000000d84c72a8) thrown at [C:\jenkins\workspace\zulu8-silver-build-win64\zulu-src\hotspot\src\share\vm\interpreter\linkResolv
Event: 6.455 Thread 0x000000000264d000 Exception <a 'java/lang/NoSuchMethodError': java.lang.Object.lambda$chars$0()Ljava/util/Spliterator$OfInt;> (0x00000000d8e39288) thrown at [C:\jenkins\workspace\zulu8-silver-build-win64\zulu-src\hotspot\src\share\vm\interpreter\linkResolver.cpp, line 620]

Events (10 events):
Event: 7.731 loading class java/util/TreeMap$KeyIterator
Event: 7.731 loading class java/util/TreeMap$KeyIterator done
Event: 7.731 loading class org/openqa/selenium/remote/http/HttpResponse
Event: 7.731 loading class org/openqa/selenium/remote/http/HttpResponse done
Event: 7.731 loading class org/openqa/selenium/remote/http/HttpResponse
Event: 7.731 loading class org/openqa/selenium/remote/http/HttpResponse done
Event: 7.734 loading class org/openqa/selenium/json/JsonInput
Event: 7.734 loading class org/openqa/selenium/json/JsonInput done
Event: 7.734 loading class org/openqa/selenium/json/JsonInput
Event: 7.734 loading class org/openqa/selenium/json/JsonInput done


Dynamic libraries:
0x00007ff6a9b00000 - 0x00007ff6a9b35000 	C:\Katalon_Studio_Windows_64-8.1.0\jre\bin\javaw.exe
0x00007ffe19b50000 - 0x00007ffe19d45000 	C:\Windows\SYSTEM32\ntdll.dll
0x00007ffe19880000 - 0x00007ffe1993d000 	C:\Windows\System32\KERNEL32.DLL
0x00007ffe17510000 - 0x00007ffe177dd000 	C:\Windows\System32\KERNELBASE.dll
0x00007ffe19160000 - 0x00007ffe1920e000 	C:\Windows\System32\ADVAPI32.dll
0x00007ffe18880000 - 0x00007ffe1891e000 	C:\Windows\System32\msvcrt.dll
0x00007ffe18920000 - 0x00007ffe189bc000 	C:\Windows\System32\sechost.dll
0x00007ffe18110000 - 0x00007ffe18235000 	C:\Windows\System32\RPCRT4.dll
0x00007ffe194a0000 - 0x00007ffe19640000 	C:\Windows\System32\USER32.dll
0x00007ffe17b00000 - 0x00007ffe17b22000 	C:\Windows\System32\win32u.dll
0x00007ffe19390000 - 0x00007ffe193ba000 	C:\Windows\System32\GDI32.dll
0x00007ffe177e0000 - 0x00007ffe178eb000 	C:\Windows\System32\gdi32full.dll
0x00007ffe17470000 - 0x00007ffe1750d000 	C:\Windows\System32\msvcp_win.dll
0x00007ffe17320000 - 0x00007ffe17420000 	C:\Windows\System32\ucrtbase.dll
0x00007ffdfbc60000 - 0x00007ffdfbefa000 	C:\Windows\WinSxS\amd64_microsoft.windows.common-controls_6595b64144ccf1df_6.0.19041.1110_none_60b5254171f9507e\COMCTL32.dll
0x00007ffe19120000 - 0x00007ffe19150000 	C:\Windows\System32\IMM32.DLL
0x000000005b910000 - 0x000000005b9e2000 	C:\Katalon_Studio_Windows_64-8.1.0\jre\bin\msvcr100.dll
0x000000005bad0000 - 0x000000005c395000 	C:\Katalon_Studio_Windows_64-8.1.0\jre\bin\server\jvm.dll
0x00007ffe189c0000 - 0x00007ffe189c8000 	C:\Windows\System32\PSAPI.DLL
0x00007ffe11630000 - 0x00007ffe11639000 	C:\Windows\SYSTEM32\WSOCK32.dll
0x00007ffe05300000 - 0x00007ffe05327000 	C:\Windows\SYSTEM32\WINMM.dll
0x00007ffe182a0000 - 0x00007ffe1830b000 	C:\Windows\System32\WS2_32.dll
0x00007ffe0e230000 - 0x00007ffe0e23a000 	C:\Windows\SYSTEM32\VERSION.dll
0x00007ffe11360000 - 0x00007ffe1136f000 	C:\Katalon_Studio_Windows_64-8.1.0\jre\bin\verify.dll
0x00007ffe04aa0000 - 0x00007ffe04ac9000 	C:\Katalon_Studio_Windows_64-8.1.0\jre\bin\java.dll
0x00007ffdf5460000 - 0x00007ffdf5476000 	C:\Katalon_Studio_Windows_64-8.1.0\jre\bin\zip.dll
0x00007ffe189d0000 - 0x00007ffe19114000 	C:\Windows\System32\SHELL32.dll
0x00007ffe15380000 - 0x00007ffe15b14000 	C:\Windows\SYSTEM32\windows.storage.dll
0x00007ffe17db0000 - 0x00007ffe18104000 	C:\Windows\System32\combase.dll
0x00007ffe16cc0000 - 0x00007ffe16cec000 	C:\Windows\SYSTEM32\Wldp.dll
0x00007ffe197d0000 - 0x00007ffe1987d000 	C:\Windows\System32\SHCORE.dll
0x00007ffe17d50000 - 0x00007ffe17da5000 	C:\Windows\System32\shlwapi.dll
0x00007ffe171a0000 - 0x00007ffe171bf000 	C:\Windows\SYSTEM32\profapi.dll
0x00007ffdf4390000 - 0x00007ffdf43ab000 	C:\Katalon_Studio_Windows_64-8.1.0\jre\bin\net.dll
0x00007ffe169b0000 - 0x00007ffe16a1a000 	C:\Windows\system32\mswsock.dll
0x00007ffdf42f0000 - 0x00007ffdf4301000 	C:\Katalon_Studio_Windows_64-8.1.0\jre\bin\nio.dll
0x00007ffe166e0000 - 0x00007ffe167ab000 	C:\Windows\SYSTEM32\DNSAPI.dll
0x00007ffe166a0000 - 0x00007ffe166db000 	C:\Windows\SYSTEM32\IPHLPAPI.DLL
0x00007ffe19150000 - 0x00007ffe19158000 	C:\Windows\System32\NSI.dll
0x00007ffe0cf30000 - 0x00007ffe0cf3a000 	C:\Windows\System32\rasadhlp.dll
0x00007ffe0cc30000 - 0x00007ffe0ccb0000 	C:\Windows\System32\fwpuclnt.dll
0x00007ffe17260000 - 0x00007ffe17287000 	C:\Windows\System32\bcrypt.dll
0x00007ffe13fb0000 - 0x00007ffe13fd4000 	C:\Katalon_Studio_Windows_64-8.1.0\jre\bin\sunec.dll
0x00007ffe13910000 - 0x00007ffe1391c000 	C:\Katalon_Studio_Windows_64-8.1.0\jre\bin\sunmscapi.dll
0x00007ffe178f0000 - 0x00007ffe17a46000 	C:\Windows\System32\CRYPT32.dll
0x00007ffe16d30000 - 0x00007ffe16d57000 	C:\Windows\SYSTEM32\ncrypt.dll
0x00007ffe16cf0000 - 0x00007ffe16d2b000 	C:\Windows\SYSTEM32\NTASN1.dll
0x00007ffe16c10000 - 0x00007ffe16c28000 	C:\Windows\SYSTEM32\CRYPTSP.dll
0x00007ffe162d0000 - 0x00007ffe16304000 	C:\Windows\system32\rsaenh.dll
0x00007ffe17160000 - 0x00007ffe1718e000 	C:\Windows\SYSTEM32\USERENV.dll
0x00007ffe17290000 - 0x00007ffe17312000 	C:\Windows\System32\bcryptprimitives.dll
0x00007ffe16c30000 - 0x00007ffe16c3c000 	C:\Windows\SYSTEM32\CRYPTBASE.dll
0x00007ffe111e0000 - 0x00007ffe111f7000 	C:\Windows\SYSTEM32\dhcpcsvc6.DLL
0x00007ffe10e70000 - 0x00007ffe10e8d000 	C:\Windows\SYSTEM32\dhcpcsvc.DLL

VM Arguments:
jvm_args: -Dgroovy.home=C:\Users\diego.rojas/.groovy -Djava.system.class.loader=groovy.lang.GroovyClassLoader -Xmx2048m -Dfile.encoding=UTF-8 
java_command: org.codehaus.groovy.tools.GroovyStarter --classpath C:\Users\diego.rojas\git\Pruebas-Minimas\bin\keyword;C:\Users\diego.rojas\git\Pruebas-Minimas\Keywords;C:\Users\diego.rojas\git\Pruebas-Minimas\bin\listener;C:\Users\diego.rojas\git\Pruebas-Minimas\Test Listeners;C:\Users\diego.rojas\git\Pruebas-Minimas\bin\lib;C:\Users\diego.rojas\git\Pruebas-Minimas\Libs;C:\Users\diego.rojas\git\Pruebas-Minimas\bin\groovy;C:\Users\diego.rojas\git\Pruebas-Minimas\Include\scripts\groovy;C:\Katalon_Studio_Windows_64-8.1.0\plugins\com.kms.katalon.core_1.0.0.202208080933.jar;C:\Katalon_Studio_Windows_64-8.1.0\configuration\resources\lib\aalto-xml-1.0.0.jar;C:\Katalon_Studio_Windows_64-8.1.0\configuration\resources\lib\aspectjweaver-1.9.1.jar;C:\Katalon_Studio_Windows_64-8.1.0\configuration\resources\lib\bcpkix-jdk15on-1.64.jar;C:\Katalon_Studio_Windows_64-8.1.0\configuration\resources\lib\bcprov-jdk15on-1.64.jar;C:\Katalon_Studio_Windows_64-8.1.0\configuration\resources\lib\browsermob-core-2.1.5.jar;C:\Katalon_Studio_Windows_64-8.1.0\configuration\resources\lib\cglib-3.2.10.jar;C:\Katalon_Studio_Windows_64-8.1.0\configuration\resources\lib\commons-codec-1.10.jar;C:\Katalon_Studio_Windows_64-8.1.0\configuration\resources\lib\commons-collections4-4.1.jar;C:\Katalon_Studio_Windows_64-8.1.0\configuration\resources\lib\commons-validator-1.6.jar;C:\Katalon_Studio_Windows_64-8.1.0\configuration\resources\lib\curvesapi-1.04.jar;C:\Katalon_Studio_Windows_64-8.1.0\configuration\resources\lib\dnsjava-2.1.8.jar;C:\Katalon_Studio_Windows_64-8.1.0\configuration\resources\lib\java-client-7.0.0.jar;C:\Katalon_Studio_Windows_64-8.1.0\configuration\resources\lib\jna-4.1.0.jar;C:\Katalon_Studio_Windows_64-8.1.0\configuration\resources\lib\jna-platform-4.1.0.jar;C:\Katalon_Studio_Windows_64-8.1.0\configuration\resources\lib\jzlib-1.1.3.jar;C:\Katalon_Studio_Windows_64-8.1.0\configuration\resources\lib\kat-server.jar;C:\Katalon_Studio_Windows_64-8.1.0\configuration\resources\lib\littleprox
java_class_path (initial): C:\Users\diego.rojas\git\Pruebas-Minimas\bin\keyword;C:\Users\diego.rojas\git\Pruebas-Minimas\bin\listener;C:\Users\diego.rojas\git\Pruebas-Minimas\bin\lib;C:\Users\diego.rojas\git\Pruebas-Minimas\bin\groovy;C:\Users\diego.rojas\git\Pruebas-Minimas\bin;C:\Katalon_Studio_Windows_64-8.1.0\plugins\com.kms.katalon.core_1.0.0.202208080933.jar;C:\Katalon_Studio_Windows_64-8.1.0\configuration\resources\lib\aalto-xml-1.0.0.jar;C:\Katalon_Studio_Windows_64-8.1.0\configuration\resources\lib\aspectjweaver-1.9.1.jar;C:\Katalon_Studio_Windows_64-8.1.0\configuration\resources\lib\bcpkix-jdk15on-1.64.jar;C:\Katalon_Studio_Windows_64-8.1.0\configuration\resources\lib\bcprov-jdk15on-1.64.jar;C:\Katalon_Studio_Windows_64-8.1.0\configuration\resources\lib\browsermob-core-2.1.5.jar;C:\Katalon_Studio_Windows_64-8.1.0\configuration\resources\lib\cglib-3.2.10.jar;C:\Katalon_Studio_Windows_64-8.1.0\configuration\resources\lib\commons-codec-1.10.jar;C:\Katalon_Studio_Windows_64-8.1.0\configuration\resources\lib\commons-collections4-4.1.jar;C:\Katalon_Studio_Windows_64-8.1.0\configuration\resources\lib\commons-validator-1.6.jar;C:\Katalon_Studio_Windows_64-8.1.0\configuration\resources\lib\curvesapi-1.04.jar;C:\Katalon_Studio_Windows_64-8.1.0\configuration\resources\lib\dnsjava-2.1.8.jar;C:\Katalon_Studio_Windows_64-8.1.0\configuration\resources\lib\java-client-7.0.0.jar;C:\Katalon_Studio_Windows_64-8.1.0\configuration\resources\lib\jna-4.1.0.jar;C:\Katalon_Studio_Windows_64-8.1.0\configuration\resources\lib\jna-platform-4.1.0.jar;C:\Katalon_Studio_Windows_64-8.1.0\configuration\resources\lib\jzlib-1.1.3.jar;C:\Katalon_Studio_Windows_64-8.1.0\configuration\resources\lib\kat-server.jar;C:\Katalon_Studio_Windows_64-8.1.0\configuration\resources\lib\littleproxy-1.1.0-beta-bmp-17.jar;C:\Katalon_Studio_Windows_64-8.1.0\configuration\resources\lib\log4j-1.2-api-2.17.1.jar;C:\Katalon_Studio_Windows_64-8.1.0\configuration\resources\lib\log4j-api-2.17.1.jar;C:\Katalon_Stu
Launcher Type: SUN_STANDARD

Environment Variables:
JAVA_HOME=C:\Program Files\Java\jdk1.8.0_202
PATH=C:/Katalon_Studio_Windows_64-8.1.0/jre/bin/server;C:/Katalon_Studio_Windows_64-8.1.0/jre/bin;C:/Katalon_Studio_Windows_64-8.1.0/jre/lib/amd64;c:\devkitPro\msys2\usr\bin;C:\Program Files (x86)\Intel\iCLS Client\;C:\Program Files\Intel\iCLS Client\;C:\Program Files (x86)\Common Files\Oracle\Java\javapath;C:\Windows\system32;C:\Windows;C:\Windows\System32\Wbem;C:\Windows\System32\WindowsPowerShell\v1.0\;C:\Windows\System32\OpenSSH\;C:\Program Files (x86)\Intel\Intel(R) Management Engine Components\DAL;C:\Program Files\Intel\Intel(R) Management Engine Components\DAL;C:\Program Files (x86)\Intel\Intel(R) Management Engine Components\IPT;C:\Program Files\Intel\Intel(R) Management Engine Components\IPT;C:\Program Files\Java\jdk1.8.0_202;C:\Program Files\Microsoft SQL Server\Client SDK\ODBC\130\Tools\Binn\;C:\Program Files (x86)\Microsoft SQL Server\140\Tools\Binn\;C:\Program Files\Microsoft SQL Server\140\Tools\Binn\;C:\Program Files\Microsoft SQL Server\140\DTS\Binn\;C:\Program Files (x86)\Microsoft SQL Server\150\DTS\Binn\;C:\Program Files\Azure Data Studio\bin;C:\Users\diego.rojas\AppData\Local\Microsoft\WindowsApps;C:\Users\diego.rojas\AppData\Local\GitHubDesktop\bin;C:\Program Files\Azure Data Studio\bin;C:\Katalon_Studio_Windows_64-8.1.0;
USERNAME=diego.rojas
OS=Windows_NT
PROCESSOR_IDENTIFIER=Intel64 Family 6 Model 60 Stepping 3, GenuineIntel



---------------  S Y S T E M  ---------------

OS: Windows 10.0 , 64 bit Build 19041 (10.0.19041.1706)

CPU:total 4 (initial active 4) (4 cores per cpu, 1 threads per core) family 6 model 60 stepping 3, cmov, cx8, fxsr, mmx, sse, sse2, sse3, ssse3, sse4.1, sse4.2, popcnt, avx, avx2, aes, clmul, erms, lzcnt, tsc, tscinvbit, bmi1, bmi2

Memory: 4k page, physical 12449048k(643620k free), swap 41670936k(2208k free)

vm_info: OpenJDK 64-Bit Server VM (25.282-b08) for windows-amd64 JRE (Zulu 8.52.0.23-CA-win64) (1.8.0_282-b08), built on Jan 12 2021 07:45:49 by "tester" with MS VC++ 10.0 (VS2010)

time: Wed Aug 17 17:39:45 2022
timezone: Hora est. Pacífico, Sudamérica
elapsed time: 7.744532 seconds (0d 0h 0m 7s)

