#
# There is insufficient memory for the Java Runtime Environment to continue.
# Native memory allocation (malloc) failed to allocate 707696 bytes for Chunk::new
# Possible reasons:
#   The system is out of physical RAM or swap space
#   The process is running with CompressedOops enabled, and the Java Heap may be blocking the growth of the native heap
# Possible solutions:
#   Reduce memory load on the system
#   Increase physical memory or swap space
#   Check if swap backing store is full
#   Decrease Java heap size (-Xmx/-Xms)
#   Decrease number of Java threads
#   Decrease Java thread stack sizes (-Xss)
#   Set larger code cache with -XX:ReservedCodeCacheSize=
#   JVM is running with Unscaled Compressed Oops mode in which the Java heap is
#     placed in the first 4GB address space. The Java Heap base address is the
#     maximum limit for the native heap growth. Please use -XX:HeapBaseMinAddress
#     to set the Java Heap base and to place the Java Heap above 4GB virtual address.
# This output file may be truncated or incomplete.
#
#  Out of Memory Error (allocation.cpp:389), pid=131220, tid=0x0000000000020a34
#
# JRE version: OpenJDK Runtime Environment (Zulu 8.52.0.23-CA-win64) (8.0_282-b08) (build 1.8.0_282-b08)
# Java VM: OpenJDK 64-Bit Server VM (25.282-b08 mixed mode windows-amd64 compressed oops)
# Failed to write core dump. Minidumps are not enabled by default on client versions of Windows
#

---------------  T H R E A D  ---------------

Current thread (0x00000000190b5800):  JavaThread "C2 CompilerThread0" daemon [_thread_in_native, id=133684, stack(0x0000000019360000,0x0000000019460000)]

Stack: [0x0000000019360000,0x0000000019460000]
[error occurred during error reporting (printing stack bounds), id 0xc0000005]

Native frames: (J=compiled Java code, j=interpreted, Vv=VM code, C=native code)


Current CompileTask:
C2:  17694 4316       4       org.codehaus.groovy.control.ResolveVisitor::resolve (229 bytes)


---------------  P R O C E S S  ---------------

Java Threads: ( => current thread )
  0x000000001a664000 JavaThread "AWT-Windows" daemon [_thread_in_native, id=94672, stack(0x0000000021900000,0x0000000021a00000)]
  0x000000001a666800 JavaThread "Java2D Disposer" daemon [_thread_blocked, id=116960, stack(0x0000000021650000,0x0000000021750000)]
  0x000000001a665800 JavaThread "Okio Watchdog" daemon [_thread_blocked, id=133332, stack(0x0000000021350000,0x0000000021450000)]
  0x0000000019cbe800 JavaThread "OkHttp ConnectionPool" daemon [_thread_blocked, id=133972, stack(0x0000000021250000,0x0000000021350000)]
  0x000000001a08c800 JavaThread "ForkJoinPool.commonPool-worker-1" daemon [_thread_blocked, id=106884, stack(0x0000000020d50000,0x0000000020e50000)]
  0x000000001a15a000 JavaThread "Exec Stream Pumper" daemon [_thread_in_native, id=134044, stack(0x0000000020a50000,0x0000000020b50000)]
  0x000000001a159800 JavaThread "Exec Stream Pumper" daemon [_thread_in_native, id=134040, stack(0x0000000020950000,0x0000000020a50000)]
  0x000000001a1ef000 JavaThread "UrlChecker-2" daemon [_thread_blocked, id=110044, stack(0x0000000020850000,0x0000000020950000)]
  0x0000000019d25000 JavaThread "Exec Default Executor" daemon [_thread_in_native, id=97924, stack(0x000000001f450000,0x000000001f550000)]
  0x00000000190e8800 JavaThread "Service Thread" daemon [_thread_blocked, id=132324, stack(0x0000000019660000,0x0000000019760000)]
  0x00000000190bc800 JavaThread "C1 CompilerThread2" daemon [_thread_blocked, id=128804, stack(0x0000000019560000,0x0000000019660000)]
  0x00000000190b8800 JavaThread "C2 CompilerThread1" daemon [_thread_blocked, id=133924, stack(0x0000000019460000,0x0000000019560000)]
=>0x00000000190b5800 JavaThread "C2 CompilerThread0" daemon [_thread_in_native, id=133684, stack(0x0000000019360000,0x0000000019460000)]
  0x00000000190af000 JavaThread "Attach Listener" daemon [_thread_blocked, id=96448, stack(0x0000000019260000,0x0000000019360000)]
  0x00000000190ae800 JavaThread "Signal Dispatcher" daemon [_thread_blocked, id=133180, stack(0x0000000019160000,0x0000000019260000)]
  0x00000000178e0800 JavaThread "Finalizer" daemon [_thread_blocked, id=131108, stack(0x0000000018b40000,0x0000000018c40000)]
  0x0000000002ccd800 JavaThread "Reference Handler" daemon [_thread_blocked, id=133252, stack(0x0000000018a40000,0x0000000018b40000)]
  0x0000000002bdd000 JavaThread "main" [_thread_in_Java, id=85056, stack(0x0000000002ad0000,0x0000000002bd0000)]

Other Threads:
  0x00000000178b6800 VMThread [stack: 0x0000000018940000,0x0000000018a40000] [id=126256]
  0x00000000190e9800 WatcherThread [stack: 0x0000000019760000,0x0000000019860000] [id=133232]

VM state:not at safepoint (normal execution)

VM Mutex/Monitor currently owned by a thread: None

heap address: 0x0000000080000000, size: 2048 MB, Compressed Oops mode: 32-bit
Narrow klass base: 0x0000000000000000, Narrow klass shift: 3
Compressed class space size: 1073741824 Address: 0x0000000100000000

Heap:
 PSYoungGen      total 272384K, used 19761K [0x00000000d5580000, 0x00000000e7180000, 0x0000000100000000)
  eden space 259072K, 7% used [0x00000000d5580000,0x00000000d68cc740,0x00000000e5280000)
  from space 13312K, 0% used [0x00000000e6480000,0x00000000e6480000,0x00000000e7180000)
  to   space 15360K, 0% used [0x00000000e5380000,0x00000000e5380000,0x00000000e6280000)
 ParOldGen       total 140800K, used 22094K [0x0000000080000000, 0x0000000088980000, 0x00000000d5580000)
  object space 140800K, 15% used [0x0000000080000000,0x0000000081593970,0x0000000088980000)
 Metaspace       used 34166K, capacity 35468K, committed 35752K, reserved 1081344K
  class space    used 3974K, capacity 4283K, committed 4352K, reserved 1048576K

Card table byte_map: [0x0000000012090000,0x00000000124a0000] byte_map_base: 0x0000000011c90000

Marking Bits: (ParMarkBitMap*) 0x000000005c311f00
 Begin Bits: [0x0000000012b50000, 0x0000000014b50000)
 End Bits:   [0x0000000014b50000, 0x0000000016b50000)

Polling page: 0x00000000028e0000

CodeCache: size=245760Kb used=15576Kb max_used=15804Kb free=230183Kb
 bounds [0x0000000002cd0000, 0x0000000003c70000, 0x0000000011cd0000]
 total_blobs=4555 nmethods=3797 adapters=668
 compilation: enabled

Compilation events (10 events):
Event: 17.668 Thread 0x00000000190bc800 4321       3       org.codehaus.groovy.classgen.AsmClassGenerator::visitAnnotations (8 bytes)
Event: 17.669 Thread 0x00000000190bc800 nmethod 4321 0x000000000346b5d0 code [0x000000000346b740, 0x000000000346b8e8]
Event: 17.669 Thread 0x00000000190bc800 4322       3       org.codehaus.groovy.classgen.AsmClassGenerator::visitAnnotations (82 bytes)
Event: 17.669 Thread 0x00000000190bc800 nmethod 4322 0x0000000003468650 code [0x0000000003468860, 0x00000000034691e8]
Event: 17.669 Thread 0x00000000190bc800 4323       3       org.codehaus.groovy.classgen.asm.WriterController::setMethodVisitor (6 bytes)
Event: 17.669 Thread 0x00000000190bc800 nmethod 4323 0x000000000346b290 code [0x000000000346b3e0, 0x000000000346b550]
Event: 17.669 Thread 0x00000000190bc800 4324       3       org.codehaus.groovy.classgen.asm.BytecodeVariable::setEndLabel (6 bytes)
Event: 17.670 Thread 0x00000000190bc800 nmethod 4324 0x0000000003468310 code [0x0000000003468460, 0x00000000034685d0]
Event: 17.670 Thread 0x00000000190bc800 4325       3       groovyjarjarasm.asm.MethodWriter::visitFieldInsn (258 bytes)
Event: 17.670 Thread 0x00000000190bc800 nmethod 4325 0x0000000003467290 code [0x0000000003467480, 0x0000000003467ed8]

GC Heap History (10 events):
Event: 4.209 GC heap before
{Heap before GC invocations=8 (full 1):
 PSYoungGen      total 148480K, used 148339K [0x00000000d5580000, 0x00000000e2280000, 0x0000000100000000)
  eden space 145408K, 100% used [0x00000000d5580000,0x00000000de380000,0x00000000de380000)
  from space 3072K, 95% used [0x00000000e1f80000,0x00000000e225ce78,0x00000000e2280000)
  to   space 10752K, 0% used [0x00000000e0d80000,0x00000000e0d80000,0x00000000e1800000)
 ParOldGen       total 84480K, used 9820K [0x0000000080000000, 0x0000000085280000, 0x00000000d5580000)
  object space 84480K, 11% used [0x0000000080000000,0x0000000080997098,0x0000000085280000)
 Metaspace       used 22995K, capacity 23464K, committed 23680K, reserved 1071104K
  class space    used 2488K, capacity 2620K, committed 2688K, reserved 1048576K
Event: 4.220 GC heap after
Heap after GC invocations=8 (full 1):
 PSYoungGen      total 199168K, used 6669K [0x00000000d5580000, 0x00000000e3a80000, 0x0000000100000000)
  eden space 188416K, 0% used [0x00000000d5580000,0x00000000d5580000,0x00000000e0d80000)
  from space 10752K, 62% used [0x00000000e0d80000,0x00000000e14034b0,0x00000000e1800000)
  to   space 10240K, 0% used [0x00000000e3080000,0x00000000e3080000,0x00000000e3a80000)
 ParOldGen       total 84480K, used 9820K [0x0000000080000000, 0x0000000085280000, 0x00000000d5580000)
  object space 84480K, 11% used [0x0000000080000000,0x0000000080997098,0x0000000085280000)
 Metaspace       used 22995K, capacity 23464K, committed 23680K, reserved 1071104K
  class space    used 2488K, capacity 2620K, committed 2688K, reserved 1048576K
}
Event: 5.484 GC heap before
{Heap before GC invocations=9 (full 1):
 PSYoungGen      total 199168K, used 195085K [0x00000000d5580000, 0x00000000e3a80000, 0x0000000100000000)
  eden space 188416K, 100% used [0x00000000d5580000,0x00000000e0d80000,0x00000000e0d80000)
  from space 10752K, 62% used [0x00000000e0d80000,0x00000000e14034b0,0x00000000e1800000)
  to   space 10240K, 0% used [0x00000000e3080000,0x00000000e3080000,0x00000000e3a80000)
 ParOldGen       total 84480K, used 9820K [0x0000000080000000, 0x0000000085280000, 0x00000000d5580000)
  object space 84480K, 11% used [0x0000000080000000,0x0000000080997098,0x0000000085280000)
 Metaspace       used 24458K, capacity 24926K, committed 25216K, reserved 1071104K
  class space    used 2705K, capacity 2850K, committed 2944K, reserved 1048576K
Event: 5.491 GC heap after
Heap after GC invocations=9 (full 1):
 PSYoungGen      total 223744K, used 8372K [0x00000000d5580000, 0x00000000e7280000, 0x0000000100000000)
  eden space 213504K, 0% used [0x00000000d5580000,0x00000000d5580000,0x00000000e2600000)
  from space 10240K, 81% used [0x00000000e3080000,0x00000000e38ad008,0x00000000e3a80000)
  to   space 10752K, 0% used [0x00000000e2600000,0x00000000e2600000,0x00000000e3080000)
 ParOldGen       total 84480K, used 9820K [0x0000000080000000, 0x0000000085280000, 0x00000000d5580000)
  object space 84480K, 11% used [0x0000000080000000,0x0000000080997098,0x0000000085280000)
 Metaspace       used 24458K, capacity 24926K, committed 25216K, reserved 1071104K
  class space    used 2705K, capacity 2850K, committed 2944K, reserved 1048576K
}
Event: 10.198 GC heap before
{Heap before GC invocations=10 (full 1):
 PSYoungGen      total 223744K, used 221876K [0x00000000d5580000, 0x00000000e7280000, 0x0000000100000000)
  eden space 213504K, 100% used [0x00000000d5580000,0x00000000e2600000,0x00000000e2600000)
  from space 10240K, 81% used [0x00000000e3080000,0x00000000e38ad008,0x00000000e3a80000)
  to   space 10752K, 0% used [0x00000000e2600000,0x00000000e2600000,0x00000000e3080000)
 ParOldGen       total 84480K, used 9820K [0x0000000080000000, 0x0000000085280000, 0x00000000d5580000)
  object space 84480K, 11% used [0x0000000080000000,0x0000000080997098,0x0000000085280000)
 Metaspace       used 32862K, capacity 34018K, committed 34176K, reserved 1079296K
  class space    used 3851K, capacity 4156K, committed 4224K, reserved 1048576K
Event: 10.212 GC heap after
Heap after GC invocations=10 (full 1):
 PSYoungGen      total 224256K, used 10746K [0x00000000d5580000, 0x00000000e7280000, 0x0000000100000000)
  eden space 213504K, 0% used [0x00000000d5580000,0x00000000d5580000,0x00000000e2600000)
  from space 10752K, 99% used [0x00000000e2600000,0x00000000e307e968,0x00000000e3080000)
  to   space 14336K, 0% used [0x00000000e6480000,0x00000000e6480000,0x00000000e7280000)
 ParOldGen       total 84480K, used 15081K [0x0000000080000000, 0x0000000085280000, 0x00000000d5580000)
  object space 84480K, 17% used [0x0000000080000000,0x0000000080eba428,0x0000000085280000)
 Metaspace       used 32862K, capacity 34018K, committed 34176K, reserved 1079296K
  class space    used 3851K, capacity 4156K, committed 4224K, reserved 1048576K
}
Event: 16.284 GC heap before
{Heap before GC invocations=11 (full 1):
 PSYoungGen      total 224256K, used 156772K [0x00000000d5580000, 0x00000000e7280000, 0x0000000100000000)
  eden space 213504K, 68% used [0x00000000d5580000,0x00000000de41a6c0,0x00000000e2600000)
  from space 10752K, 99% used [0x00000000e2600000,0x00000000e307e968,0x00000000e3080000)
  to   space 14336K, 0% used [0x00000000e6480000,0x00000000e6480000,0x00000000e7280000)
 ParOldGen       total 84480K, used 15081K [0x0000000080000000, 0x0000000085280000, 0x00000000d5580000)
  object space 84480K, 17% used [0x0000000080000000,0x0000000080eba428,0x0000000085280000)
 Metaspace       used 34156K, capacity 35400K, committed 35496K, reserved 1081344K
  class space    used 3971K, capacity 4281K, committed 4352K, reserved 1048576K
Event: 16.314 GC heap after
Heap after GC invocations=11 (full 1):
 PSYoungGen      total 272384K, used 12952K [0x00000000d5580000, 0x00000000e7180000, 0x0000000100000000)
  eden space 259072K, 0% used [0x00000000d5580000,0x00000000d5580000,0x00000000e5280000)
  from space 13312K, 97% used [0x00000000e6480000,0x00000000e7126248,0x00000000e7180000)
  to   space 15360K, 0% used [0x00000000e5380000,0x00000000e5380000,0x00000000e6280000)
 ParOldGen       total 84480K, used 15089K [0x0000000080000000, 0x0000000085280000, 0x00000000d5580000)
  object space 84480K, 17% used [0x0000000080000000,0x0000000080ebc428,0x0000000085280000)
 Metaspace       used 34156K, capacity 35400K, committed 35496K, reserved 1081344K
  class space    used 3971K, capacity 4281K, committed 4352K, reserved 1048576K
}
Event: 16.314 GC heap before
{Heap before GC invocations=12 (full 2):
 PSYoungGen      total 272384K, used 12952K [0x00000000d5580000, 0x00000000e7180000, 0x0000000100000000)
  eden space 259072K, 0% used [0x00000000d5580000,0x00000000d5580000,0x00000000e5280000)
  from space 13312K, 97% used [0x00000000e6480000,0x00000000e7126248,0x00000000e7180000)
  to   space 15360K, 0% used [0x00000000e5380000,0x00000000e5380000,0x00000000e6280000)
 ParOldGen       total 84480K, used 15089K [0x0000000080000000, 0x0000000085280000, 0x00000000d5580000)
  object space 84480K, 17% used [0x0000000080000000,0x0000000080ebc428,0x0000000085280000)
 Metaspace       used 34156K, capacity 35400K, committed 35496K, reserved 1081344K
  class space    used 3971K, capacity 4281K, committed 4352K, reserved 1048576K
Event: 16.423 GC heap after
Heap after GC invocations=12 (full 2):
 PSYoungGen      total 272384K, used 0K [0x00000000d5580000, 0x00000000e7180000, 0x0000000100000000)
  eden space 259072K, 0% used [0x00000000d5580000,0x00000000d5580000,0x00000000e5280000)
  from space 13312K, 0% used [0x00000000e6480000,0x00000000e6480000,0x00000000e7180000)
  to   space 15360K, 0% used [0x00000000e5380000,0x00000000e5380000,0x00000000e6280000)
 ParOldGen       total 140800K, used 22094K [0x0000000080000000, 0x0000000088980000, 0x00000000d5580000)
  object space 140800K, 15% used [0x0000000080000000,0x0000000081593970,0x0000000088980000)
 Metaspace       used 34153K, capacity 35392K, committed 35496K, reserved 1081344K
  class space    used 3970K, capacity 4279K, committed 4352K, reserved 1048576K
}

Deoptimization events (10 events):
Event: 8.275 Thread 0x0000000002bdd000 Uncommon trap: reason=class_check action=maybe_recompile pc=0x00000000035e5250 method=org.codehaus.groovy.antlr.UnicodeEscapingReader.read()I @ 80
Event: 8.275 Thread 0x0000000002bdd000 Uncommon trap: reason=class_check action=maybe_recompile pc=0x00000000035e5250 method=org.codehaus.groovy.antlr.UnicodeEscapingReader.read()I @ 80
Event: 8.403 Thread 0x0000000002bdd000 Uncommon trap: reason=class_check action=maybe_recompile pc=0x00000000035e5250 method=org.codehaus.groovy.antlr.UnicodeEscapingReader.read()I @ 80
Event: 8.403 Thread 0x0000000002bdd000 Uncommon trap: reason=class_check action=maybe_recompile pc=0x00000000035e5250 method=org.codehaus.groovy.antlr.UnicodeEscapingReader.read()I @ 80
Event: 10.034 Thread 0x0000000002bdd000 Uncommon trap: reason=unstable_if action=reinterpret pc=0x0000000003abbf70 method=java.lang.Character.isHighSurrogate(C)Z @ 3
Event: 11.124 Thread 0x0000000002bdd000 Uncommon trap: reason=class_check action=maybe_recompile pc=0x000000000373b580 method=java.lang.Throwable.<init>(Ljava/lang/String;Ljava/lang/Throwable;)V @ 24
Event: 11.161 Thread 0x0000000002bdd000 Uncommon trap: reason=unstable_if action=reinterpret pc=0x0000000003adbaf8 method=java.util.regex.Pattern$Curly.match0(Ljava/util/regex/Matcher;IILjava/lang/CharSequence;)Z @ 5
Event: 15.032 Thread 0x0000000002bdd000 Uncommon trap: reason=unstable_if action=reinterpret pc=0x0000000003293ac0 method=java.lang.Class.arrayContentsEq([Ljava/lang/Object;[Ljava/lang/Object;)Z @ 1
Event: 15.040 Thread 0x0000000002bdd000 Uncommon trap: reason=unstable_if action=reinterpret pc=0x0000000003c29ab0 method=sun.nio.cs.UTF_8$Encoder.encodeArrayLoop(Ljava/nio/CharBuffer;Ljava/nio/ByteBuffer;)Ljava/nio/charset/CoderResult; @ 87
Event: 15.040 Thread 0x0000000002bdd000 Uncommon trap: reason=unstable_if action=reinterpret pc=0x0000000003c10ab8 method=sun.nio.cs.UTF_8$Encoder.encodeArrayLoop(Ljava/nio/CharBuffer;Ljava/nio/ByteBuffer;)Ljava/nio/charset/CoderResult; @ 87

Classes redefined (0 events):
No events

Internal exceptions (10 events):
Event: 17.611 Thread 0x0000000002bdd000 Exception <a 'java/security/PrivilegedActionException'> (0x00000000d6088cc8) thrown at [C:\jenkins\workspace\zulu8-silver-build-win64\zulu-src\hotspot\src\share\vm\prims\jvm.cpp, line 1529]
Event: 17.611 Thread 0x0000000002bdd000 Exception <a 'java/security/PrivilegedActionException'> (0x00000000d60892a8) thrown at [C:\jenkins\workspace\zulu8-silver-build-win64\zulu-src\hotspot\src\share\vm\prims\jvm.cpp, line 1529]
Event: 17.620 Thread 0x0000000002bdd000 Exception <a 'java/security/PrivilegedActionException'> (0x00000000d627e350) thrown at [C:\jenkins\workspace\zulu8-silver-build-win64\zulu-src\hotspot\src\share\vm\prims\jvm.cpp, line 1529]
Event: 17.620 Thread 0x0000000002bdd000 Exception <a 'java/security/PrivilegedActionException'> (0x00000000d627e930) thrown at [C:\jenkins\workspace\zulu8-silver-build-win64\zulu-src\hotspot\src\share\vm\prims\jvm.cpp, line 1529]
Event: 17.621 Thread 0x0000000002bdd000 Exception <a 'java/security/PrivilegedActionException'> (0x00000000d6290598) thrown at [C:\jenkins\workspace\zulu8-silver-build-win64\zulu-src\hotspot\src\share\vm\prims\jvm.cpp, line 1529]
Event: 17.621 Thread 0x0000000002bdd000 Exception <a 'java/security/PrivilegedActionException'> (0x00000000d6290b78) thrown at [C:\jenkins\workspace\zulu8-silver-build-win64\zulu-src\hotspot\src\share\vm\prims\jvm.cpp, line 1529]
Event: 17.636 Thread 0x0000000002bdd000 Exception <a 'java/security/PrivilegedActionException'> (0x00000000d648f980) thrown at [C:\jenkins\workspace\zulu8-silver-build-win64\zulu-src\hotspot\src\share\vm\prims\jvm.cpp, line 1529]
Event: 17.636 Thread 0x0000000002bdd000 Exception <a 'java/security/PrivilegedActionException'> (0x00000000d648ff60) thrown at [C:\jenkins\workspace\zulu8-silver-build-win64\zulu-src\hotspot\src\share\vm\prims\jvm.cpp, line 1529]
Event: 17.636 Thread 0x0000000002bdd000 Exception <a 'java/security/PrivilegedActionException'> (0x00000000d64a24c8) thrown at [C:\jenkins\workspace\zulu8-silver-build-win64\zulu-src\hotspot\src\share\vm\prims\jvm.cpp, line 1529]
Event: 17.636 Thread 0x0000000002bdd000 Exception <a 'java/security/PrivilegedActionException'> (0x00000000d64a2aa8) thrown at [C:\jenkins\workspace\zulu8-silver-build-win64\zulu-src\hotspot\src\share\vm\prims\jvm.cpp, line 1529]

Events (10 events):
Event: 17.638 loading class com/kms/katalon/core/testobject$ObjectRepository
Event: 17.638 loading class com/kms/katalon/core/testobject$ObjectRepository done
Event: 17.665 loading class groovy/lang/GroovyObject$internal
Event: 17.665 loading class groovy/lang/GroovyObject$internal done
Event: 17.671 loading class groovy/runtime/metaclass/Script1MetaClass
Event: 17.671 loading class groovy/runtime/metaclass/Script1MetaClass done
Event: 17.675 loading class Script1BeanInfo
Event: 17.675 loading class Script1BeanInfo done
Event: 17.677 loading class Script1BeanInfo
Event: 17.677 loading class Script1BeanInfo done


Dynamic libraries:
0x00007ff6a9b00000 - 0x00007ff6a9b35000 	C:\Katalon_Studio_Windows_64-8.1.0\jre\bin\javaw.exe
0x00007ffe19b50000 - 0x00007ffe19d45000 	C:\Windows\SYSTEM32\ntdll.dll
0x00007ffe19880000 - 0x00007ffe1993d000 	C:\Windows\System32\KERNEL32.DLL
0x00007ffe17510000 - 0x00007ffe177dd000 	C:\Windows\System32\KERNELBASE.dll
0x00007ffe19160000 - 0x00007ffe1920e000 	C:\Windows\System32\ADVAPI32.dll
0x00007ffe18880000 - 0x00007ffe1891e000 	C:\Windows\System32\msvcrt.dll
0x00007ffe18920000 - 0x00007ffe189bc000 	C:\Windows\System32\sechost.dll
0x00007ffe18110000 - 0x00007ffe18235000 	C:\Windows\System32\RPCRT4.dll
0x00007ffe194a0000 - 0x00007ffe19640000 	C:\Windows\System32\USER32.dll
0x00007ffe17b00000 - 0x00007ffe17b22000 	C:\Windows\System32\win32u.dll
0x00007ffe19390000 - 0x00007ffe193ba000 	C:\Windows\System32\GDI32.dll
0x00007ffe177e0000 - 0x00007ffe178eb000 	C:\Windows\System32\gdi32full.dll
0x00007ffe17470000 - 0x00007ffe1750d000 	C:\Windows\System32\msvcp_win.dll
0x00007ffe17320000 - 0x00007ffe17420000 	C:\Windows\System32\ucrtbase.dll
0x00007ffdfbc60000 - 0x00007ffdfbefa000 	C:\Windows\WinSxS\amd64_microsoft.windows.common-controls_6595b64144ccf1df_6.0.19041.1110_none_60b5254171f9507e\COMCTL32.dll
0x00007ffe19120000 - 0x00007ffe19150000 	C:\Windows\System32\IMM32.DLL
0x000000005b910000 - 0x000000005b9e2000 	C:\Katalon_Studio_Windows_64-8.1.0\jre\bin\msvcr100.dll
0x000000005bad0000 - 0x000000005c395000 	C:\Katalon_Studio_Windows_64-8.1.0\jre\bin\server\jvm.dll
0x00007ffe189c0000 - 0x00007ffe189c8000 	C:\Windows\System32\PSAPI.DLL
0x00007ffe11630000 - 0x00007ffe11639000 	C:\Windows\SYSTEM32\WSOCK32.dll
0x00007ffe182a0000 - 0x00007ffe1830b000 	C:\Windows\System32\WS2_32.dll
0x00007ffe05300000 - 0x00007ffe05327000 	C:\Windows\SYSTEM32\WINMM.dll
0x00007ffe0e230000 - 0x00007ffe0e23a000 	C:\Windows\SYSTEM32\VERSION.dll
0x00007ffe11360000 - 0x00007ffe1136f000 	C:\Katalon_Studio_Windows_64-8.1.0\jre\bin\verify.dll
0x00007ffe04aa0000 - 0x00007ffe04ac9000 	C:\Katalon_Studio_Windows_64-8.1.0\jre\bin\java.dll
0x00007ffdf5460000 - 0x00007ffdf5476000 	C:\Katalon_Studio_Windows_64-8.1.0\jre\bin\zip.dll
0x00007ffe189d0000 - 0x00007ffe19114000 	C:\Windows\System32\SHELL32.dll
0x00007ffe15380000 - 0x00007ffe15b14000 	C:\Windows\SYSTEM32\windows.storage.dll
0x00007ffe17db0000 - 0x00007ffe18104000 	C:\Windows\System32\combase.dll
0x00007ffe16cc0000 - 0x00007ffe16cec000 	C:\Windows\SYSTEM32\Wldp.dll
0x00007ffe197d0000 - 0x00007ffe1987d000 	C:\Windows\System32\SHCORE.dll
0x00007ffe17d50000 - 0x00007ffe17da5000 	C:\Windows\System32\shlwapi.dll
0x00007ffe171a0000 - 0x00007ffe171bf000 	C:\Windows\SYSTEM32\profapi.dll
0x00007ffdf4390000 - 0x00007ffdf43ab000 	C:\Katalon_Studio_Windows_64-8.1.0\jre\bin\net.dll
0x00007ffe169b0000 - 0x00007ffe16a1a000 	C:\Windows\system32\mswsock.dll
0x00007ffdf42f0000 - 0x00007ffdf4301000 	C:\Katalon_Studio_Windows_64-8.1.0\jre\bin\nio.dll
0x00007ffe166e0000 - 0x00007ffe167ab000 	C:\Windows\SYSTEM32\DNSAPI.dll
0x00007ffe166a0000 - 0x00007ffe166db000 	C:\Windows\SYSTEM32\IPHLPAPI.DLL
0x00007ffe19150000 - 0x00007ffe19158000 	C:\Windows\System32\NSI.dll
0x00007ffe0cf30000 - 0x00007ffe0cf3a000 	C:\Windows\System32\rasadhlp.dll
0x00007ffe0cc30000 - 0x00007ffe0ccb0000 	C:\Windows\System32\fwpuclnt.dll
0x00007ffe17260000 - 0x00007ffe17287000 	C:\Windows\System32\bcrypt.dll
0x00007ffe13fb0000 - 0x00007ffe13fd4000 	C:\Katalon_Studio_Windows_64-8.1.0\jre\bin\sunec.dll
0x00007ffe13910000 - 0x00007ffe1391c000 	C:\Katalon_Studio_Windows_64-8.1.0\jre\bin\sunmscapi.dll
0x00007ffe178f0000 - 0x00007ffe17a46000 	C:\Windows\System32\CRYPT32.dll
0x00007ffe16d30000 - 0x00007ffe16d57000 	C:\Windows\SYSTEM32\ncrypt.dll
0x00007ffe16cf0000 - 0x00007ffe16d2b000 	C:\Windows\SYSTEM32\NTASN1.dll
0x00007ffe16c10000 - 0x00007ffe16c28000 	C:\Windows\SYSTEM32\CRYPTSP.dll
0x00007ffe162d0000 - 0x00007ffe16304000 	C:\Windows\system32\rsaenh.dll
0x00007ffe17160000 - 0x00007ffe1718e000 	C:\Windows\SYSTEM32\USERENV.dll
0x00007ffe17290000 - 0x00007ffe17312000 	C:\Windows\System32\bcryptprimitives.dll
0x00007ffe16c30000 - 0x00007ffe16c3c000 	C:\Windows\SYSTEM32\CRYPTBASE.dll
0x00007ffe111e0000 - 0x00007ffe111f7000 	C:\Windows\SYSTEM32\dhcpcsvc6.DLL
0x00007ffe10e70000 - 0x00007ffe10e8d000 	C:\Windows\SYSTEM32\dhcpcsvc.DLL
0x00007ffe0bcb0000 - 0x00007ffe0be48000 	C:\Katalon_Studio_Windows_64-8.1.0\jre\bin\awt.dll
0x00007ffe19210000 - 0x00007ffe192dd000 	C:\Windows\System32\OLEAUT32.dll
0x00007ffe14b00000 - 0x00007ffe14b90000 	C:\Windows\SYSTEM32\apphelp.dll
0x00007ffe14e90000 - 0x00007ffe14ebf000 	C:\Windows\system32\DWMAPI.DLL
0x00007ffe14ca0000 - 0x00007ffe14d3e000 	C:\Windows\system32\uxtheme.dll
0x00007ffe09190000 - 0x00007ffe092b6000 	C:\Windows\system32\opengl32.dll
0x00007ffe0d570000 - 0x00007ffe0d59c000 	C:\Windows\SYSTEM32\GLU32.dll
0x00007ffe19960000 - 0x00007ffe19a75000 	C:\Windows\System32\MSCTF.dll
0x00007ffe19640000 - 0x00007ffe1976a000 	C:\Windows\System32\ole32.dll
0x00007ffe15180000 - 0x00007ffe15192000 	C:\Windows\SYSTEM32\kernel.appcore.dll

VM Arguments:
jvm_args: -Dgroovy.home=C:\Users\diego.rojas/.groovy -Djava.system.class.loader=groovy.lang.GroovyClassLoader -Xmx2048m -Dfile.encoding=UTF-8 
java_command: org.codehaus.groovy.tools.GroovyStarter --classpath C:\Users\diego.rojas\git\Pruebas-Minimas\bin\keyword;C:\Users\diego.rojas\git\Pruebas-Minimas\Keywords;C:\Users\diego.rojas\git\Pruebas-Minimas\bin\listener;C:\Users\diego.rojas\git\Pruebas-Minimas\Test Listeners;C:\Users\diego.rojas\git\Pruebas-Minimas\bin\lib;C:\Users\diego.rojas\git\Pruebas-Minimas\Libs;C:\Users\diego.rojas\git\Pruebas-Minimas\bin\groovy;C:\Users\diego.rojas\git\Pruebas-Minimas\Include\scripts\groovy;C:\Katalon_Studio_Windows_64-8.1.0\plugins\com.kms.katalon.core_1.0.0.202208080933.jar;C:\Katalon_Studio_Windows_64-8.1.0\configuration\resources\lib\aalto-xml-1.0.0.jar;C:\Katalon_Studio_Windows_64-8.1.0\configuration\resources\lib\aspectjweaver-1.9.1.jar;C:\Katalon_Studio_Windows_64-8.1.0\configuration\resources\lib\bcpkix-jdk15on-1.64.jar;C:\Katalon_Studio_Windows_64-8.1.0\configuration\resources\lib\bcprov-jdk15on-1.64.jar;C:\Katalon_Studio_Windows_64-8.1.0\configuration\resources\lib\browsermob-core-2.1.5.jar;C:\Katalon_Studio_Windows_64-8.1.0\configuration\resources\lib\cglib-3.2.10.jar;C:\Katalon_Studio_Windows_64-8.1.0\configuration\resources\lib\commons-codec-1.10.jar;C:\Katalon_Studio_Windows_64-8.1.0\configuration\resources\lib\commons-collections4-4.1.jar;C:\Katalon_Studio_Windows_64-8.1.0\configuration\resources\lib\commons-validator-1.6.jar;C:\Katalon_Studio_Windows_64-8.1.0\configuration\resources\lib\curvesapi-1.04.jar;C:\Katalon_Studio_Windows_64-8.1.0\configuration\resources\lib\dnsjava-2.1.8.jar;C:\Katalon_Studio_Windows_64-8.1.0\configuration\resources\lib\java-client-7.0.0.jar;C:\Katalon_Studio_Windows_64-8.1.0\configuration\resources\lib\jna-4.1.0.jar;C:\Katalon_Studio_Windows_64-8.1.0\configuration\resources\lib\jna-platform-4.1.0.jar;C:\Katalon_Studio_Windows_64-8.1.0\configuration\resources\lib\jzlib-1.1.3.jar;C:\Katalon_Studio_Windows_64-8.1.0\configuration\resources\lib\kat-server.jar;C:\Katalon_Studio_Windows_64-8.1.0\configuration\resources\lib\littleprox
java_class_path (initial): C:\Users\diego.rojas\git\Pruebas-Minimas\bin\keyword;C:\Users\diego.rojas\git\Pruebas-Minimas\bin\listener;C:\Users\diego.rojas\git\Pruebas-Minimas\bin\lib;C:\Users\diego.rojas\git\Pruebas-Minimas\bin\groovy;C:\Users\diego.rojas\git\Pruebas-Minimas\bin;C:\Katalon_Studio_Windows_64-8.1.0\plugins\com.kms.katalon.core_1.0.0.202208080933.jar;C:\Katalon_Studio_Windows_64-8.1.0\configuration\resources\lib\aalto-xml-1.0.0.jar;C:\Katalon_Studio_Windows_64-8.1.0\configuration\resources\lib\aspectjweaver-1.9.1.jar;C:\Katalon_Studio_Windows_64-8.1.0\configuration\resources\lib\bcpkix-jdk15on-1.64.jar;C:\Katalon_Studio_Windows_64-8.1.0\configuration\resources\lib\bcprov-jdk15on-1.64.jar;C:\Katalon_Studio_Windows_64-8.1.0\configuration\resources\lib\browsermob-core-2.1.5.jar;C:\Katalon_Studio_Windows_64-8.1.0\configuration\resources\lib\cglib-3.2.10.jar;C:\Katalon_Studio_Windows_64-8.1.0\configuration\resources\lib\commons-codec-1.10.jar;C:\Katalon_Studio_Windows_64-8.1.0\configuration\resources\lib\commons-collections4-4.1.jar;C:\Katalon_Studio_Windows_64-8.1.0\configuration\resources\lib\commons-validator-1.6.jar;C:\Katalon_Studio_Windows_64-8.1.0\configuration\resources\lib\curvesapi-1.04.jar;C:\Katalon_Studio_Windows_64-8.1.0\configuration\resources\lib\dnsjava-2.1.8.jar;C:\Katalon_Studio_Windows_64-8.1.0\configuration\resources\lib\java-client-7.0.0.jar;C:\Katalon_Studio_Windows_64-8.1.0\configuration\resources\lib\jna-4.1.0.jar;C:\Katalon_Studio_Windows_64-8.1.0\configuration\resources\lib\jna-platform-4.1.0.jar;C:\Katalon_Studio_Windows_64-8.1.0\configuration\resources\lib\jzlib-1.1.3.jar;C:\Katalon_Studio_Windows_64-8.1.0\configuration\resources\lib\kat-server.jar;C:\Katalon_Studio_Windows_64-8.1.0\configuration\resources\lib\littleproxy-1.1.0-beta-bmp-17.jar;C:\Katalon_Studio_Windows_64-8.1.0\configuration\resources\lib\log4j-1.2-api-2.17.1.jar;C:\Katalon_Studio_Windows_64-8.1.0\configuration\resources\lib\log4j-api-2.17.1.jar;C:\Katalon_Stu
Launcher Type: SUN_STANDARD

Environment Variables:
JAVA_HOME=C:\Program Files\Java\jdk1.8.0_202
PATH=C:/Katalon_Studio_Windows_64-8.1.0/jre/bin/server;C:/Katalon_Studio_Windows_64-8.1.0/jre/bin;C:/Katalon_Studio_Windows_64-8.1.0/jre/lib/amd64;c:\devkitPro\msys2\usr\bin;C:\Program Files (x86)\Intel\iCLS Client\;C:\Program Files\Intel\iCLS Client\;C:\Program Files (x86)\Common Files\Oracle\Java\javapath;C:\Windows\system32;C:\Windows;C:\Windows\System32\Wbem;C:\Windows\System32\WindowsPowerShell\v1.0\;C:\Windows\System32\OpenSSH\;C:\Program Files (x86)\Intel\Intel(R) Management Engine Components\DAL;C:\Program Files\Intel\Intel(R) Management Engine Components\DAL;C:\Program Files (x86)\Intel\Intel(R) Management Engine Components\IPT;C:\Program Files\Intel\Intel(R) Management Engine Components\IPT;C:\Program Files\Java\jdk1.8.0_202;C:\Program Files\Microsoft SQL Server\Client SDK\ODBC\130\Tools\Binn\;C:\Program Files (x86)\Microsoft SQL Server\140\Tools\Binn\;C:\Program Files\Microsoft SQL Server\140\Tools\Binn\;C:\Program Files\Microsoft SQL Server\140\DTS\Binn\;C:\Program Files (x86)\Microsoft SQL Server\150\DTS\Binn\;C:\Program Files\Azure Data Studio\bin;C:\Users\diego.rojas\AppData\Local\Microsoft\WindowsApps;C:\Users\diego.rojas\AppData\Local\GitHubDesktop\bin;C:\Program Files\Azure Data Studio\bin;C:\Katalon_Studio_Windows_64-8.1.0;
USERNAME=diego.rojas
OS=Windows_NT
PROCESSOR_IDENTIFIER=Intel64 Family 6 Model 60 Stepping 3, GenuineIntel



---------------  S Y S T E M  ---------------

OS: Windows 10.0 , 64 bit Build 19041 (10.0.19041.1706)

CPU:total 4 (initial active 4) (4 cores per cpu, 1 threads per core) family 6 model 60 stepping 3, cmov, cx8, fxsr, mmx, sse, sse2, sse3, ssse3, sse4.1, sse4.2, popcnt, avx, avx2, aes, clmul, erms, lzcnt, tsc, tscinvbit, bmi1, bmi2

Memory: 4k page, physical 12449048k(550104k free), swap 41670936k(3732k free)

vm_info: OpenJDK 64-Bit Server VM (25.282-b08) for windows-amd64 JRE (Zulu 8.52.0.23-CA-win64) (1.8.0_282-b08), built on Jan 12 2021 07:45:49 by "tester" with MS VC++ 10.0 (VS2010)

time: Wed Aug 17 17:18:27 2022
timezone: Hora est. Pacífico, Sudamérica
elapsed time: 17.700586 seconds (0d 0h 0m 17s)

