#
# There is insufficient memory for the Java Runtime Environment to continue.
# Native memory allocation (malloc) failed to allocate 32744 bytes for ChunkPool::allocate
# Possible reasons:
#   The system is out of physical RAM or swap space
#   The process is running with CompressedOops enabled, and the Java Heap may be blocking the growth of the native heap
# Possible solutions:
#   Reduce memory load on the system
#   Increase physical memory or swap space
#   Check if swap backing store is full
#   Decrease Java heap size (-Xmx/-Xms)
#   Decrease number of Java threads
#   Decrease Java thread stack sizes (-Xss)
#   Set larger code cache with -XX:ReservedCodeCacheSize=
#   JVM is running with Unscaled Compressed Oops mode in which the Java heap is
#     placed in the first 4GB address space. The Java Heap base address is the
#     maximum limit for the native heap growth. Please use -XX:HeapBaseMinAddress
#     to set the Java Heap base and to place the Java Heap above 4GB virtual address.
# This output file may be truncated or incomplete.
#
#  Out of Memory Error (allocation.cpp:272), pid=113848, tid=0x000000000001e5a4
#
# JRE version: OpenJDK Runtime Environment (Zulu 8.52.0.23-CA-win64) (8.0_282-b08) (build 1.8.0_282-b08)
# Java VM: OpenJDK 64-Bit Server VM (25.282-b08 mixed mode windows-amd64 compressed oops)
# Failed to write core dump. Minidumps are not enabled by default on client versions of Windows
#

---------------  T H R E A D  ---------------

Current thread (0x00000000188e1800):  JavaThread "C2 CompilerThread0" daemon [_thread_in_vm, id=124324, stack(0x0000000018ba0000,0x0000000018ca0000)]

Stack: [0x0000000018ba0000,0x0000000018ca0000]
[error occurred during error reporting (printing stack bounds), id 0xc0000005]

Native frames: (J=compiled Java code, j=interpreted, Vv=VM code, C=native code)


Current CompileTask:
C2:   6777 2920       4       java.net.URLClassLoader$1::run (5 bytes)


---------------  P R O C E S S  ---------------

Java Threads: ( => current thread )
  0x000000001d2ed000 JavaThread "Okio Watchdog" daemon [_thread_blocked, id=106332, stack(0x000000001eb70000,0x000000001ec70000)]
  0x0000000019da0800 JavaThread "OkHttp ConnectionPool" daemon [_thread_blocked, id=130288, stack(0x000000001ea70000,0x000000001eb70000)]
  0x000000001b578000 JavaThread "ForkJoinPool.commonPool-worker-3" daemon [_thread_blocked, id=133852, stack(0x000000001e770000,0x000000001e870000)]
  0x000000001b73b000 JavaThread "ForkJoinPool.commonPool-worker-2" daemon [_thread_blocked, id=134888, stack(0x000000001e670000,0x000000001e770000)]
  0x000000001b73a800 JavaThread "ForkJoinPool.commonPool-worker-1" daemon [_thread_blocked, id=134292, stack(0x000000001e570000,0x000000001e670000)]
  0x000000001bac4800 JavaThread "Keep-Alive-Timer" daemon [_thread_blocked, id=134692, stack(0x000000001e470000,0x000000001e570000)]
  0x000000001a28b800 JavaThread "Exec Stream Pumper" daemon [_thread_in_native, id=134780, stack(0x000000001e070000,0x000000001e170000)]
  0x000000001b72c800 JavaThread "Exec Stream Pumper" daemon [_thread_in_native, id=134936, stack(0x000000001df70000,0x000000001e070000)]
  0x000000001b57a000 JavaThread "UrlChecker-2" daemon [_thread_blocked, id=134852, stack(0x000000001de70000,0x000000001df70000)]
  0x000000001b753800 JavaThread "Exec Default Executor" daemon [_thread_in_native, id=134704, stack(0x000000001d780000,0x000000001d880000)]
  0x000000001717c800 JavaThread "Service Thread" daemon [_thread_blocked, id=133872, stack(0x0000000018ea0000,0x0000000018fa0000)]
  0x00000000188e7800 JavaThread "C1 CompilerThread2" daemon [_thread_blocked, id=114476, stack(0x0000000018da0000,0x0000000018ea0000)]
  0x00000000188e4800 JavaThread "C2 CompilerThread1" daemon [_thread_in_vm, id=131448, stack(0x0000000018ca0000,0x0000000018da0000)]
=>0x00000000188e1800 JavaThread "C2 CompilerThread0" daemon [_thread_in_vm, id=124324, stack(0x0000000018ba0000,0x0000000018ca0000)]
  0x00000000188dc000 JavaThread "Attach Listener" daemon [_thread_blocked, id=134728, stack(0x0000000018aa0000,0x0000000018ba0000)]
  0x00000000188d0800 JavaThread "Signal Dispatcher" daemon [_thread_blocked, id=134844, stack(0x00000000189a0000,0x0000000018aa0000)]
  0x0000000017112000 JavaThread "Finalizer" daemon [_thread_blocked, id=133224, stack(0x0000000018370000,0x0000000018470000)]
  0x000000000249d800 JavaThread "Reference Handler" daemon [_thread_blocked, id=134120, stack(0x0000000018270000,0x0000000018370000)]
  0x00000000023ad000 JavaThread "main" [_thread_in_vm, id=134424, stack(0x00000000022a0000,0x00000000023a0000)]

Other Threads:
  0x00000000170e6800 VMThread [stack: 0x0000000018170000,0x0000000018270000] [id=83012]
  0x000000001890d800 WatcherThread [stack: 0x0000000018fa0000,0x00000000190a0000] [id=116488]

VM state:not at safepoint (normal execution)

VM Mutex/Monitor currently owned by a thread: None

heap address: 0x0000000080000000, size: 2048 MB, Compressed Oops mode: 32-bit
Narrow klass base: 0x0000000000000000, Narrow klass shift: 3
Compressed class space size: 1073741824 Address: 0x0000000100000000

Heap:
 PSYoungGen      total 199168K, used 77525K [0x00000000d5580000, 0x00000000e4200000, 0x0000000100000000)
  eden space 187904K, 36% used [0x00000000d5580000,0x00000000d98f1408,0x00000000e0d00000)
  from space 11264K, 75% used [0x00000000e0d00000,0x00000000e1544010,0x00000000e1800000)
  to   space 11776K, 0% used [0x00000000e3680000,0x00000000e3680000,0x00000000e4200000)
 ParOldGen       total 89088K, used 9852K [0x0000000080000000, 0x0000000085700000, 0x00000000d5580000)
  object space 89088K, 11% used [0x0000000080000000,0x000000008099f050,0x0000000085700000)
 Metaspace       used 30255K, capacity 31214K, committed 31232K, reserved 1077248K
  class space    used 3578K, capacity 3824K, committed 3840K, reserved 1048576K

Card table byte_map: [0x0000000011890000,0x0000000011ca0000] byte_map_base: 0x0000000011490000

Marking Bits: (ParMarkBitMap*) 0x000000005c311f00
 Begin Bits: [0x0000000012350000, 0x0000000014350000)
 End Bits:   [0x0000000014350000, 0x0000000016350000)

Polling page: 0x00000000024a0000

CodeCache: size=245760Kb used=12161Kb max_used=12161Kb free=233598Kb
 bounds [0x00000000024d0000, 0x00000000030c0000, 0x00000000114d0000]
 total_blobs=3610 nmethods=2915 adapters=605
 compilation: enabled

Compilation events (10 events):
Event: 6.763 Thread 0x00000000188e7800 2922       3       com.google.common.base.Splitter$1$1::separatorEnd (4 bytes)
Event: 6.763 Thread 0x00000000188e7800 nmethod 2922 0x00000000030b3c10 code [0x00000000030b3d60, 0x00000000030b3eb0]
Event: 6.763 Thread 0x00000000188e7800 2923       3       com.google.common.base.AbstractIterator::next (34 bytes)
Event: 6.763 Thread 0x00000000188e7800 nmethod 2923 0x00000000030b3f50 code [0x00000000030b40e0, 0x00000000030b4418]
Event: 6.763 Thread 0x00000000188e7800 2924       3       com.google.common.base.AbstractIterator::tryToComputeNext (36 bytes)
Event: 6.763 Thread 0x00000000188e7800 nmethod 2924 0x00000000030b4550 code [0x00000000030b46c0, 0x00000000030b49a8]
Event: 6.763 Thread 0x00000000188e7800 2925       3       com.google.common.collect.ImmutableList$Builder::add (34 bytes)
Event: 6.764 Thread 0x00000000188e7800 nmethod 2925 0x00000000030b4a50 code [0x00000000030b4be0, 0x00000000030b5038]
Event: 6.764 Thread 0x00000000188e7800 2926       3       com.google.common.collect.ImmutableList$Builder::getReadyToExpandTo (66 bytes)
Event: 6.764 Thread 0x00000000188e7800 nmethod 2926 0x00000000030b5210 code [0x00000000030b53c0, 0x00000000030b58a8]

GC Heap History (10 events):
Event: 2.197 GC heap before
{Heap before GC invocations=4 (full 0):
 PSYoungGen      total 56832K, used 54717K [0x00000000d5580000, 0x00000000dc480000, 0x0000000100000000)
  eden space 49152K, 100% used [0x00000000d5580000,0x00000000d8580000,0x00000000d8580000)
  from space 7680K, 72% used [0x00000000d8580000,0x00000000d8aef7d0,0x00000000d8d00000)
  to   space 7680K, 0% used [0x00000000dbd00000,0x00000000dbd00000,0x00000000dc480000)
 ParOldGen       total 130048K, used 24K [0x0000000080000000, 0x0000000087f00000, 0x00000000d5580000)
  object space 130048K, 0% used [0x0000000080000000,0x0000000080006000,0x0000000087f00000)
 Metaspace       used 17353K, capacity 17600K, committed 17920K, reserved 1064960K
  class space    used 1866K, capacity 1972K, committed 2048K, reserved 1048576K
Event: 2.205 GC heap after
Heap after GC invocations=4 (full 0):
 PSYoungGen      total 105984K, used 7670K [0x00000000d5580000, 0x00000000dc480000, 0x0000000100000000)
  eden space 98304K, 0% used [0x00000000d5580000,0x00000000d5580000,0x00000000db580000)
  from space 7680K, 99% used [0x00000000dbd00000,0x00000000dc47d920,0x00000000dc480000)
  to   space 7680K, 0% used [0x00000000db580000,0x00000000db580000,0x00000000dbd00000)
 ParOldGen       total 130048K, used 867K [0x0000000080000000, 0x0000000087f00000, 0x00000000d5580000)
  object space 130048K, 0% used [0x0000000080000000,0x00000000800d8e38,0x0000000087f00000)
 Metaspace       used 17353K, capacity 17600K, committed 17920K, reserved 1064960K
  class space    used 1866K, capacity 1972K, committed 2048K, reserved 1048576K
}
Event: 2.891 GC heap before
{Heap before GC invocations=5 (full 0):
 PSYoungGen      total 105984K, used 65955K [0x00000000d5580000, 0x00000000dc480000, 0x0000000100000000)
  eden space 98304K, 59% used [0x00000000d5580000,0x00000000d8e6b470,0x00000000db580000)
  from space 7680K, 99% used [0x00000000dbd00000,0x00000000dc47d920,0x00000000dc480000)
  to   space 7680K, 0% used [0x00000000db580000,0x00000000db580000,0x00000000dbd00000)
 ParOldGen       total 130048K, used 867K [0x0000000080000000, 0x0000000087f00000, 0x00000000d5580000)
  object space 130048K, 0% used [0x0000000080000000,0x00000000800d8e38,0x0000000087f00000)
 Metaspace       used 20807K, capacity 21090K, committed 21296K, reserved 1069056K
  class space    used 2310K, capacity 2429K, committed 2432K, reserved 1048576K
Event: 2.903 GC heap after
Heap after GC invocations=5 (full 0):
 PSYoungGen      total 105984K, used 7662K [0x00000000d5580000, 0x00000000e2a80000, 0x0000000100000000)
  eden space 98304K, 0% used [0x00000000d5580000,0x00000000d5580000,0x00000000db580000)
  from space 7680K, 99% used [0x00000000db580000,0x00000000dbcfbbd8,0x00000000dbd00000)
  to   space 10752K, 0% used [0x00000000e2000000,0x00000000e2000000,0x00000000e2a80000)
 ParOldGen       total 130048K, used 3191K [0x0000000080000000, 0x0000000087f00000, 0x00000000d5580000)
  object space 130048K, 2% used [0x0000000080000000,0x000000008031dce8,0x0000000087f00000)
 Metaspace       used 20807K, capacity 21090K, committed 21296K, reserved 1069056K
  class space    used 2310K, capacity 2429K, committed 2432K, reserved 1048576K
}
Event: 2.903 GC heap before
{Heap before GC invocations=6 (full 1):
 PSYoungGen      total 105984K, used 7662K [0x00000000d5580000, 0x00000000e2a80000, 0x0000000100000000)
  eden space 98304K, 0% used [0x00000000d5580000,0x00000000d5580000,0x00000000db580000)
  from space 7680K, 99% used [0x00000000db580000,0x00000000dbcfbbd8,0x00000000dbd00000)
  to   space 10752K, 0% used [0x00000000e2000000,0x00000000e2000000,0x00000000e2a80000)
 ParOldGen       total 130048K, used 3191K [0x0000000080000000, 0x0000000087f00000, 0x00000000d5580000)
  object space 130048K, 2% used [0x0000000080000000,0x000000008031dce8,0x0000000087f00000)
 Metaspace       used 20807K, capacity 21090K, committed 21296K, reserved 1069056K
  class space    used 2310K, capacity 2429K, committed 2432K, reserved 1048576K
Event: 2.948 GC heap after
Heap after GC invocations=6 (full 1):
 PSYoungGen      total 105984K, used 0K [0x00000000d5580000, 0x00000000e2a80000, 0x0000000100000000)
  eden space 98304K, 0% used [0x00000000d5580000,0x00000000d5580000,0x00000000db580000)
  from space 7680K, 0% used [0x00000000db580000,0x00000000db580000,0x00000000dbd00000)
  to   space 10752K, 0% used [0x00000000e2000000,0x00000000e2000000,0x00000000e2a80000)
 ParOldGen       total 89088K, used 9844K [0x0000000080000000, 0x0000000085700000, 0x00000000d5580000)
  object space 89088K, 11% used [0x0000000080000000,0x000000008099d050,0x0000000085700000)
 Metaspace       used 20807K, capacity 21090K, committed 21296K, reserved 1069056K
  class space    used 2310K, capacity 2429K, committed 2432K, reserved 1048576K
}
Event: 3.567 GC heap before
{Heap before GC invocations=7 (full 1):
 PSYoungGen      total 105984K, used 98304K [0x00000000d5580000, 0x00000000e2a80000, 0x0000000100000000)
  eden space 98304K, 100% used [0x00000000d5580000,0x00000000db580000,0x00000000db580000)
  from space 7680K, 0% used [0x00000000db580000,0x00000000db580000,0x00000000dbd00000)
  to   space 10752K, 0% used [0x00000000e2000000,0x00000000e2000000,0x00000000e2a80000)
 ParOldGen       total 89088K, used 9844K [0x0000000080000000, 0x0000000085700000, 0x00000000d5580000)
  object space 89088K, 11% used [0x0000000080000000,0x000000008099d050,0x0000000085700000)
 Metaspace       used 22209K, capacity 22602K, committed 22960K, reserved 1069056K
  class space    used 2424K, capacity 2546K, committed 2560K, reserved 1048576K
Event: 3.570 GC heap after
Heap after GC invocations=7 (full 1):
 PSYoungGen      total 140800K, used 2747K [0x00000000d5580000, 0x00000000e2300000, 0x0000000100000000)
  eden space 137728K, 0% used [0x00000000d5580000,0x00000000d5580000,0x00000000ddc00000)
  from space 3072K, 89% used [0x00000000e2000000,0x00000000e22aed78,0x00000000e2300000)
  to   space 11264K, 0% used [0x00000000e0d00000,0x00000000e0d00000,0x00000000e1800000)
 ParOldGen       total 89088K, used 9852K [0x0000000080000000, 0x0000000085700000, 0x00000000d5580000)
  object space 89088K, 11% used [0x0000000080000000,0x000000008099f050,0x0000000085700000)
 Metaspace       used 22209K, capacity 22602K, committed 22960K, reserved 1069056K
  class space    used 2424K, capacity 2546K, committed 2560K, reserved 1048576K
}
Event: 4.370 GC heap before
{Heap before GC invocations=8 (full 1):
 PSYoungGen      total 140800K, used 140475K [0x00000000d5580000, 0x00000000e2300000, 0x0000000100000000)
  eden space 137728K, 100% used [0x00000000d5580000,0x00000000ddc00000,0x00000000ddc00000)
  from space 3072K, 89% used [0x00000000e2000000,0x00000000e22aed78,0x00000000e2300000)
  to   space 11264K, 0% used [0x00000000e0d00000,0x00000000e0d00000,0x00000000e1800000)
 ParOldGen       total 89088K, used 9852K [0x0000000080000000, 0x0000000085700000, 0x00000000d5580000)
  object space 89088K, 11% used [0x0000000080000000,0x000000008099f050,0x0000000085700000)
 Metaspace       used 24271K, capacity 24688K, committed 24960K, reserved 1071104K
  class space    used 2736K, capacity 2879K, committed 2944K, reserved 1048576K
Event: 4.418 GC heap after
Heap after GC invocations=8 (full 1):
 PSYoungGen      total 199168K, used 8464K [0x00000000d5580000, 0x00000000e4200000, 0x0000000100000000)
  eden space 187904K, 0% used [0x00000000d5580000,0x00000000d5580000,0x00000000e0d00000)
  from space 11264K, 75% used [0x00000000e0d00000,0x00000000e1544010,0x00000000e1800000)
  to   space 11776K, 0% used [0x00000000e3680000,0x00000000e3680000,0x00000000e4200000)
 ParOldGen       total 89088K, used 9852K [0x0000000080000000, 0x0000000085700000, 0x00000000d5580000)
  object space 89088K, 11% used [0x0000000080000000,0x000000008099f050,0x0000000085700000)
 Metaspace       used 24271K, capacity 24688K, committed 24960K, reserved 1071104K
  class space    used 2736K, capacity 2879K, committed 2944K, reserved 1048576K
}

Deoptimization events (10 events):
Event: 5.865 Thread 0x00000000023ad000 Uncommon trap: reason=class_check action=maybe_recompile pc=0x0000000002fa57d8 method=java.io.DataInputStream.readChar()C @ 4
Event: 5.865 Thread 0x00000000023ad000 Uncommon trap: reason=class_check action=maybe_recompile pc=0x0000000002fa57d8 method=java.io.DataInputStream.readChar()C @ 4
Event: 5.865 Thread 0x00000000023ad000 Uncommon trap: reason=class_check action=maybe_recompile pc=0x0000000002fa57d8 method=java.io.DataInputStream.readChar()C @ 4
Event: 5.865 Thread 0x00000000023ad000 Uncommon trap: reason=class_check action=maybe_recompile pc=0x0000000002fa57d8 method=java.io.DataInputStream.readChar()C @ 4
Event: 5.896 Thread 0x00000000023ad000 Uncommon trap: reason=class_check action=maybe_recompile pc=0x0000000002f71de0 method=java.util.HashSet.contains(Ljava/lang/Object;)Z @ 5
Event: 5.896 Thread 0x00000000023ad000 Uncommon trap: reason=class_check action=maybe_recompile pc=0x0000000002f71de0 method=java.util.HashSet.contains(Ljava/lang/Object;)Z @ 5
Event: 6.735 Thread 0x00000000023ad000 Uncommon trap: reason=class_check action=maybe_recompile pc=0x0000000003064634 method=org.openqa.selenium.json.Input.init()V @ 18
Event: 6.736 Thread 0x00000000023ad000 Uncommon trap: reason=class_check action=maybe_recompile pc=0x0000000003064634 method=org.openqa.selenium.json.Input.init()V @ 18
Event: 6.736 Thread 0x00000000023ad000 Uncommon trap: reason=class_check action=maybe_recompile pc=0x0000000003064634 method=org.openqa.selenium.json.Input.init()V @ 18
Event: 6.736 Thread 0x00000000023ad000 Uncommon trap: reason=class_check action=maybe_recompile pc=0x0000000003064634 method=org.openqa.selenium.json.Input.init()V @ 18

Classes redefined (0 events):
No events

Internal exceptions (10 events):
Event: 4.311 Thread 0x00000000023ad000 Exception <a 'java/lang/ClassNotFoundException': com/kms/katalon/core/webui/keyword/builtin/OpenBrowserKeywordCustomizer> (0x00000000dd665370) thrown at [C:\jenkins\workspace\zulu8-silver-build-win64\zulu-src\hotspot\src\share\vm\classfile\systemDictionar
Event: 4.323 Thread 0x00000000023ad000 Exception <a 'java/lang/ClassNotFoundException': com/kms/katalon/core/logging/KeywordLoggerBeanInfo> (0x00000000dd75d750) thrown at [C:\jenkins\workspace\zulu8-silver-build-win64\zulu-src\hotspot\src\share\vm\classfile\systemDictionary.cpp, line 220]
Event: 4.326 Thread 0x00000000023ad000 Exception <a 'java/lang/ClassNotFoundException': com/kms/katalon/core/logging/KeywordLoggerCustomizer> (0x00000000dd8168c8) thrown at [C:\jenkins\workspace\zulu8-silver-build-win64\zulu-src\hotspot\src\share\vm\classfile\systemDictionary.cpp, line 220]
Event: 4.348 Thread 0x00000000023ad000 Exception <a 'java/lang/ClassNotFoundException': com/kms/katalon/core/webui/keyword/builtin/InternalSmartWaitGroovyWrapperBeanInfo> (0x00000000ddadc660) thrown at [C:\jenkins\workspace\zulu8-silver-build-win64\zulu-src\hotspot\src\share\vm\classfile\syste
Event: 4.352 Thread 0x00000000023ad000 Exception <a 'java/lang/ClassNotFoundException': com/kms/katalon/core/webui/keyword/builtin/InternalSmartWaitGroovyWrapperCustomizer> (0x00000000ddbd9b00) thrown at [C:\jenkins\workspace\zulu8-silver-build-win64\zulu-src\hotspot\src\share\vm\classfile\sys
Event: 5.542 Thread 0x000000001b57a000 Exception <a 'java/net/SocketTimeoutException': connect timed out> (0x00000000d782e8a0) thrown at [C:\jenkins\workspace\zulu8-silver-build-win64\zulu-src\hotspot\src\share\vm\prims\jni.cpp, line 738]
Event: 5.604 Thread 0x00000000023ad000 Exception <a 'java/lang/IncompatibleClassChangeError': Found class java.lang.Object, but interface was expected> (0x00000000d757ca00) thrown at [C:\jenkins\workspace\zulu8-silver-build-win64\zulu-src\hotspot\src\share\vm\interpreter\linkResolver.cpp, line
Event: 5.608 Thread 0x00000000023ad000 Exception <a 'java/lang/NoSuchMethodError': java.lang.Object.lambda$or$2(Ljava/util/function/Predicate;Ljava/lang/Object;)Z> (0x00000000d7599548) thrown at [C:\jenkins\workspace\zulu8-silver-build-win64\zulu-src\hotspot\src\share\vm\interpreter\linkResolv
Event: 5.674 Thread 0x00000000023ad000 Exception <a 'java/lang/NoSuchMethodError': java.lang.Object.lambda$chars$0()Ljava/util/Spliterator$OfInt;> (0x00000000d807a628) thrown at [C:\jenkins\workspace\zulu8-silver-build-win64\zulu-src\hotspot\src\share\vm\interpreter\linkResolver.cpp, line 620]
Event: 6.742 Thread 0x00000000023ad000 Exception <a 'java/lang/NoSuchMethodError': java.lang.Object.lambda$getResponseFunction$0(Lorg/openqa/selenium/remote/InitialHandshakeResponse;)Lorg/openqa/selenium/remote/ProtocolHandshake$Result;> (0x00000000d9699dc8) thrown at [C:\jenkins\workspace\zul

Events (10 events):
Event: 6.745 loading class org/openqa/selenium/remote/InitialHandshakeResponse
Event: 6.745 loading class org/openqa/selenium/remote/InitialHandshakeResponse done
Event: 6.745 loading class org/openqa/selenium/remote/InitialHandshakeResponse
Event: 6.745 loading class org/openqa/selenium/remote/InitialHandshakeResponse done
Event: 6.745 loading class org/openqa/selenium/Proxy
Event: 6.745 loading class org/openqa/selenium/Proxy done
Event: 6.746 loading class org/openqa/selenium/Proxy
Event: 6.746 loading class org/openqa/selenium/Proxy done
Event: 6.761 loading class java/util/UUID$Holder
Event: 6.761 loading class java/util/UUID$Holder done


Dynamic libraries:
0x00007ff6a9b00000 - 0x00007ff6a9b35000 	C:\Katalon_Studio_Windows_64-8.1.0\jre\bin\javaw.exe
0x00007ffe19b50000 - 0x00007ffe19d45000 	C:\Windows\SYSTEM32\ntdll.dll
0x00007ffe19880000 - 0x00007ffe1993d000 	C:\Windows\System32\KERNEL32.DLL
0x00007ffe17510000 - 0x00007ffe177dd000 	C:\Windows\System32\KERNELBASE.dll
0x00007ffe19160000 - 0x00007ffe1920e000 	C:\Windows\System32\ADVAPI32.dll
0x00007ffe18880000 - 0x00007ffe1891e000 	C:\Windows\System32\msvcrt.dll
0x00007ffe18920000 - 0x00007ffe189bc000 	C:\Windows\System32\sechost.dll
0x00007ffe18110000 - 0x00007ffe18235000 	C:\Windows\System32\RPCRT4.dll
0x00007ffe194a0000 - 0x00007ffe19640000 	C:\Windows\System32\USER32.dll
0x00007ffe17b00000 - 0x00007ffe17b22000 	C:\Windows\System32\win32u.dll
0x00007ffe19390000 - 0x00007ffe193ba000 	C:\Windows\System32\GDI32.dll
0x00007ffe177e0000 - 0x00007ffe178eb000 	C:\Windows\System32\gdi32full.dll
0x00007ffe17470000 - 0x00007ffe1750d000 	C:\Windows\System32\msvcp_win.dll
0x00007ffe17320000 - 0x00007ffe17420000 	C:\Windows\System32\ucrtbase.dll
0x00007ffdfbc60000 - 0x00007ffdfbefa000 	C:\Windows\WinSxS\amd64_microsoft.windows.common-controls_6595b64144ccf1df_6.0.19041.1110_none_60b5254171f9507e\COMCTL32.dll
0x00007ffe19120000 - 0x00007ffe19150000 	C:\Windows\System32\IMM32.DLL
0x000000005b910000 - 0x000000005b9e2000 	C:\Katalon_Studio_Windows_64-8.1.0\jre\bin\msvcr100.dll
0x000000005bad0000 - 0x000000005c395000 	C:\Katalon_Studio_Windows_64-8.1.0\jre\bin\server\jvm.dll
0x00007ffe189c0000 - 0x00007ffe189c8000 	C:\Windows\System32\PSAPI.DLL
0x00007ffe05300000 - 0x00007ffe05327000 	C:\Windows\SYSTEM32\WINMM.dll
0x00007ffe11630000 - 0x00007ffe11639000 	C:\Windows\SYSTEM32\WSOCK32.dll
0x00007ffe182a0000 - 0x00007ffe1830b000 	C:\Windows\System32\WS2_32.dll
0x00007ffe0e230000 - 0x00007ffe0e23a000 	C:\Windows\SYSTEM32\VERSION.dll
0x00007ffe11360000 - 0x00007ffe1136f000 	C:\Katalon_Studio_Windows_64-8.1.0\jre\bin\verify.dll
0x00007ffe04aa0000 - 0x00007ffe04ac9000 	C:\Katalon_Studio_Windows_64-8.1.0\jre\bin\java.dll
0x00007ffdf5460000 - 0x00007ffdf5476000 	C:\Katalon_Studio_Windows_64-8.1.0\jre\bin\zip.dll
0x00007ffe189d0000 - 0x00007ffe19114000 	C:\Windows\System32\SHELL32.dll
0x00007ffe15380000 - 0x00007ffe15b14000 	C:\Windows\SYSTEM32\windows.storage.dll
0x00007ffe17db0000 - 0x00007ffe18104000 	C:\Windows\System32\combase.dll
0x00007ffe16cc0000 - 0x00007ffe16cec000 	C:\Windows\SYSTEM32\Wldp.dll
0x00007ffe197d0000 - 0x00007ffe1987d000 	C:\Windows\System32\SHCORE.dll
0x00007ffe17d50000 - 0x00007ffe17da5000 	C:\Windows\System32\shlwapi.dll
0x00007ffe171a0000 - 0x00007ffe171bf000 	C:\Windows\SYSTEM32\profapi.dll
0x00007ffdf4390000 - 0x00007ffdf43ab000 	C:\Katalon_Studio_Windows_64-8.1.0\jre\bin\net.dll
0x00007ffe169b0000 - 0x00007ffe16a1a000 	C:\Windows\system32\mswsock.dll
0x00007ffdf42f0000 - 0x00007ffdf4301000 	C:\Katalon_Studio_Windows_64-8.1.0\jre\bin\nio.dll
0x00007ffe166e0000 - 0x00007ffe167ab000 	C:\Windows\SYSTEM32\DNSAPI.dll
0x00007ffe166a0000 - 0x00007ffe166db000 	C:\Windows\SYSTEM32\IPHLPAPI.DLL
0x00007ffe19150000 - 0x00007ffe19158000 	C:\Windows\System32\NSI.dll
0x00007ffe0cf30000 - 0x00007ffe0cf3a000 	C:\Windows\System32\rasadhlp.dll
0x00007ffe0cc30000 - 0x00007ffe0ccb0000 	C:\Windows\System32\fwpuclnt.dll
0x00007ffe17260000 - 0x00007ffe17287000 	C:\Windows\System32\bcrypt.dll
0x00007ffe13fb0000 - 0x00007ffe13fd4000 	C:\Katalon_Studio_Windows_64-8.1.0\jre\bin\sunec.dll
0x00007ffe13910000 - 0x00007ffe1391c000 	C:\Katalon_Studio_Windows_64-8.1.0\jre\bin\sunmscapi.dll
0x00007ffe178f0000 - 0x00007ffe17a46000 	C:\Windows\System32\CRYPT32.dll
0x00007ffe16d30000 - 0x00007ffe16d57000 	C:\Windows\SYSTEM32\ncrypt.dll
0x00007ffe16cf0000 - 0x00007ffe16d2b000 	C:\Windows\SYSTEM32\NTASN1.dll
0x00007ffe16c10000 - 0x00007ffe16c28000 	C:\Windows\SYSTEM32\CRYPTSP.dll
0x00007ffe162d0000 - 0x00007ffe16304000 	C:\Windows\system32\rsaenh.dll
0x00007ffe17160000 - 0x00007ffe1718e000 	C:\Windows\SYSTEM32\USERENV.dll
0x00007ffe17290000 - 0x00007ffe17312000 	C:\Windows\System32\bcryptprimitives.dll
0x00007ffe16c30000 - 0x00007ffe16c3c000 	C:\Windows\SYSTEM32\CRYPTBASE.dll
0x00007ffe111e0000 - 0x00007ffe111f7000 	C:\Windows\SYSTEM32\dhcpcsvc6.DLL
0x00007ffe10e70000 - 0x00007ffe10e8d000 	C:\Windows\SYSTEM32\dhcpcsvc.DLL

VM Arguments:
jvm_args: -Dgroovy.home=C:\Users\diego.rojas/.groovy -Djava.system.class.loader=groovy.lang.GroovyClassLoader -Xmx2048m -Dfile.encoding=UTF-8 
java_command: org.codehaus.groovy.tools.GroovyStarter --classpath C:\Users\diego.rojas\git\Pruebas-Minimas\bin\keyword;C:\Users\diego.rojas\git\Pruebas-Minimas\Keywords;C:\Users\diego.rojas\git\Pruebas-Minimas\bin\listener;C:\Users\diego.rojas\git\Pruebas-Minimas\Test Listeners;C:\Users\diego.rojas\git\Pruebas-Minimas\bin\lib;C:\Users\diego.rojas\git\Pruebas-Minimas\Libs;C:\Users\diego.rojas\git\Pruebas-Minimas\bin\groovy;C:\Users\diego.rojas\git\Pruebas-Minimas\Include\scripts\groovy;C:\Katalon_Studio_Windows_64-8.1.0\plugins\com.kms.katalon.core_1.0.0.202208080933.jar;C:\Katalon_Studio_Windows_64-8.1.0\configuration\resources\lib\aalto-xml-1.0.0.jar;C:\Katalon_Studio_Windows_64-8.1.0\configuration\resources\lib\aspectjweaver-1.9.1.jar;C:\Katalon_Studio_Windows_64-8.1.0\configuration\resources\lib\bcpkix-jdk15on-1.64.jar;C:\Katalon_Studio_Windows_64-8.1.0\configuration\resources\lib\bcprov-jdk15on-1.64.jar;C:\Katalon_Studio_Windows_64-8.1.0\configuration\resources\lib\browsermob-core-2.1.5.jar;C:\Katalon_Studio_Windows_64-8.1.0\configuration\resources\lib\cglib-3.2.10.jar;C:\Katalon_Studio_Windows_64-8.1.0\configuration\resources\lib\commons-codec-1.10.jar;C:\Katalon_Studio_Windows_64-8.1.0\configuration\resources\lib\commons-collections4-4.1.jar;C:\Katalon_Studio_Windows_64-8.1.0\configuration\resources\lib\commons-validator-1.6.jar;C:\Katalon_Studio_Windows_64-8.1.0\configuration\resources\lib\curvesapi-1.04.jar;C:\Katalon_Studio_Windows_64-8.1.0\configuration\resources\lib\dnsjava-2.1.8.jar;C:\Katalon_Studio_Windows_64-8.1.0\configuration\resources\lib\java-client-7.0.0.jar;C:\Katalon_Studio_Windows_64-8.1.0\configuration\resources\lib\jna-4.1.0.jar;C:\Katalon_Studio_Windows_64-8.1.0\configuration\resources\lib\jna-platform-4.1.0.jar;C:\Katalon_Studio_Windows_64-8.1.0\configuration\resources\lib\jzlib-1.1.3.jar;C:\Katalon_Studio_Windows_64-8.1.0\configuration\resources\lib\kat-server.jar;C:\Katalon_Studio_Windows_64-8.1.0\configuration\resources\lib\littleprox
java_class_path (initial): C:\Users\diego.rojas\git\Pruebas-Minimas\bin\keyword;C:\Users\diego.rojas\git\Pruebas-Minimas\bin\listener;C:\Users\diego.rojas\git\Pruebas-Minimas\bin\lib;C:\Users\diego.rojas\git\Pruebas-Minimas\bin\groovy;C:\Users\diego.rojas\git\Pruebas-Minimas\bin;C:\Katalon_Studio_Windows_64-8.1.0\plugins\com.kms.katalon.core_1.0.0.202208080933.jar;C:\Katalon_Studio_Windows_64-8.1.0\configuration\resources\lib\aalto-xml-1.0.0.jar;C:\Katalon_Studio_Windows_64-8.1.0\configuration\resources\lib\aspectjweaver-1.9.1.jar;C:\Katalon_Studio_Windows_64-8.1.0\configuration\resources\lib\bcpkix-jdk15on-1.64.jar;C:\Katalon_Studio_Windows_64-8.1.0\configuration\resources\lib\bcprov-jdk15on-1.64.jar;C:\Katalon_Studio_Windows_64-8.1.0\configuration\resources\lib\browsermob-core-2.1.5.jar;C:\Katalon_Studio_Windows_64-8.1.0\configuration\resources\lib\cglib-3.2.10.jar;C:\Katalon_Studio_Windows_64-8.1.0\configuration\resources\lib\commons-codec-1.10.jar;C:\Katalon_Studio_Windows_64-8.1.0\configuration\resources\lib\commons-collections4-4.1.jar;C:\Katalon_Studio_Windows_64-8.1.0\configuration\resources\lib\commons-validator-1.6.jar;C:\Katalon_Studio_Windows_64-8.1.0\configuration\resources\lib\curvesapi-1.04.jar;C:\Katalon_Studio_Windows_64-8.1.0\configuration\resources\lib\dnsjava-2.1.8.jar;C:\Katalon_Studio_Windows_64-8.1.0\configuration\resources\lib\java-client-7.0.0.jar;C:\Katalon_Studio_Windows_64-8.1.0\configuration\resources\lib\jna-4.1.0.jar;C:\Katalon_Studio_Windows_64-8.1.0\configuration\resources\lib\jna-platform-4.1.0.jar;C:\Katalon_Studio_Windows_64-8.1.0\configuration\resources\lib\jzlib-1.1.3.jar;C:\Katalon_Studio_Windows_64-8.1.0\configuration\resources\lib\kat-server.jar;C:\Katalon_Studio_Windows_64-8.1.0\configuration\resources\lib\littleproxy-1.1.0-beta-bmp-17.jar;C:\Katalon_Studio_Windows_64-8.1.0\configuration\resources\lib\log4j-1.2-api-2.17.1.jar;C:\Katalon_Studio_Windows_64-8.1.0\configuration\resources\lib\log4j-api-2.17.1.jar;C:\Katalon_Stu
Launcher Type: SUN_STANDARD

Environment Variables:
JAVA_HOME=C:\Program Files\Java\jdk1.8.0_202
PATH=C:/Katalon_Studio_Windows_64-8.1.0/jre/bin/server;C:/Katalon_Studio_Windows_64-8.1.0/jre/bin;C:/Katalon_Studio_Windows_64-8.1.0/jre/lib/amd64;c:\devkitPro\msys2\usr\bin;C:\Program Files (x86)\Intel\iCLS Client\;C:\Program Files\Intel\iCLS Client\;C:\Program Files (x86)\Common Files\Oracle\Java\javapath;C:\Windows\system32;C:\Windows;C:\Windows\System32\Wbem;C:\Windows\System32\WindowsPowerShell\v1.0\;C:\Windows\System32\OpenSSH\;C:\Program Files (x86)\Intel\Intel(R) Management Engine Components\DAL;C:\Program Files\Intel\Intel(R) Management Engine Components\DAL;C:\Program Files (x86)\Intel\Intel(R) Management Engine Components\IPT;C:\Program Files\Intel\Intel(R) Management Engine Components\IPT;C:\Program Files\Java\jdk1.8.0_202;C:\Program Files\Microsoft SQL Server\Client SDK\ODBC\130\Tools\Binn\;C:\Program Files (x86)\Microsoft SQL Server\140\Tools\Binn\;C:\Program Files\Microsoft SQL Server\140\Tools\Binn\;C:\Program Files\Microsoft SQL Server\140\DTS\Binn\;C:\Program Files (x86)\Microsoft SQL Server\150\DTS\Binn\;C:\Program Files\Azure Data Studio\bin;C:\Users\diego.rojas\AppData\Local\Microsoft\WindowsApps;C:\Users\diego.rojas\AppData\Local\GitHubDesktop\bin;C:\Program Files\Azure Data Studio\bin;C:\Katalon_Studio_Windows_64-8.1.0;
USERNAME=diego.rojas
OS=Windows_NT
PROCESSOR_IDENTIFIER=Intel64 Family 6 Model 60 Stepping 3, GenuineIntel



---------------  S Y S T E M  ---------------

OS: Windows 10.0 , 64 bit Build 19041 (10.0.19041.1706)

CPU:total 4 (initial active 4) (4 cores per cpu, 1 threads per core) family 6 model 60 stepping 3, cmov, cx8, fxsr, mmx, sse, sse2, sse3, ssse3, sse4.1, sse4.2, popcnt, avx, avx2, aes, clmul, erms, lzcnt, tsc, tscinvbit, bmi1, bmi2

Memory: 4k page, physical 12449048k(930724k free), swap 41670936k(5152k free)

vm_info: OpenJDK 64-Bit Server VM (25.282-b08) for windows-amd64 JRE (Zulu 8.52.0.23-CA-win64) (1.8.0_282-b08), built on Jan 12 2021 07:45:49 by "tester" with MS VC++ 10.0 (VS2010)

time: Wed Aug 17 17:33:45 2022
timezone: Hora est. Pacífico, Sudamérica
elapsed time: 6.783811 seconds (0d 0h 0m 6s)

