#
# There is insufficient memory for the Java Runtime Environment to continue.
# Native memory allocation (malloc) failed to allocate 219856 bytes for Chunk::new
# Possible reasons:
#   The system is out of physical RAM or swap space
#   The process is running with CompressedOops enabled, and the Java Heap may be blocking the growth of the native heap
# Possible solutions:
#   Reduce memory load on the system
#   Increase physical memory or swap space
#   Check if swap backing store is full
#   Decrease Java heap size (-Xmx/-Xms)
#   Decrease number of Java threads
#   Decrease Java thread stack sizes (-Xss)
#   Set larger code cache with -XX:ReservedCodeCacheSize=
#   JVM is running with Unscaled Compressed Oops mode in which the Java heap is
#     placed in the first 4GB address space. The Java Heap base address is the
#     maximum limit for the native heap growth. Please use -XX:HeapBaseMinAddress
#     to set the Java Heap base and to place the Java Heap above 4GB virtual address.
# This output file may be truncated or incomplete.
#
#  Out of Memory Error (allocation.cpp:389), pid=113064, tid=0x000000000001df4c
#
# JRE version: OpenJDK Runtime Environment (Zulu 8.52.0.23-CA-win64) (8.0_282-b08) (build 1.8.0_282-b08)
# Java VM: OpenJDK 64-Bit Server VM (25.282-b08 mixed mode windows-amd64 compressed oops)
# Failed to write core dump. Minidumps are not enabled by default on client versions of Windows
#

---------------  T H R E A D  ---------------

Current thread (0x000000001972a000):  JavaThread "C2 CompilerThread0" daemon [_thread_in_native, id=122700, stack(0x00000000199f0000,0x0000000019af0000)]

Stack: [0x00000000199f0000,0x0000000019af0000]
[error occurred during error reporting (printing stack bounds), id 0xc0000005]

Native frames: (J=compiled Java code, j=interpreted, Vv=VM code, C=native code)


Current CompileTask:
C2:   7405 3149       4       java.io.DataOutputStream::writeShort (35 bytes)


---------------  P R O C E S S  ---------------

Java Threads: ( => current thread )
  0x000000001dba2000 JavaThread "Okio Watchdog" daemon [_thread_blocked, id=108588, stack(0x0000000021940000,0x0000000021a40000)]
  0x000000001a894000 JavaThread "OkHttp ConnectionPool" daemon [_thread_blocked, id=133020, stack(0x0000000021840000,0x0000000021940000)]
  0x000000001a5c6800 JavaThread "ForkJoinPool.commonPool-worker-3" daemon [_thread_blocked, id=133008, stack(0x0000000021540000,0x0000000021640000)]
  0x000000001a02a000 JavaThread "ForkJoinPool.commonPool-worker-2" daemon [_thread_blocked, id=132140, stack(0x0000000021440000,0x0000000021540000)]
  0x000000001e3aa000 JavaThread "ForkJoinPool.commonPool-worker-1" daemon [_thread_blocked, id=131920, stack(0x0000000021340000,0x0000000021440000)]
  0x000000001c885000 JavaThread "Keep-Alive-Timer" daemon [_thread_blocked, id=102356, stack(0x0000000021240000,0x0000000021340000)]
  0x000000001b3d8000 JavaThread "UrlChecker-2" daemon [_thread_blocked, id=132256, stack(0x0000000021040000,0x0000000021140000)]
  0x000000001a89b000 JavaThread "Exec Stream Pumper" daemon [_thread_in_native, id=130804, stack(0x0000000020f40000,0x0000000021040000)]
  0x000000001a028000 JavaThread "Exec Stream Pumper" daemon [_thread_in_native, id=113124, stack(0x000000001fe20000,0x000000001ff20000)]
  0x000000001a0f9000 JavaThread "Exec Default Executor" daemon [_thread_in_native, id=125148, stack(0x000000001fae0000,0x000000001fbe0000)]
  0x0000000019759000 JavaThread "Service Thread" daemon [_thread_blocked, id=128904, stack(0x0000000019cf0000,0x0000000019df0000)]
  0x0000000019731000 JavaThread "C1 CompilerThread2" daemon [_thread_blocked, id=112436, stack(0x0000000019bf0000,0x0000000019cf0000)]
  0x000000001972d800 JavaThread "C2 CompilerThread1" daemon [_thread_in_native, id=132952, stack(0x0000000019af0000,0x0000000019bf0000)]
=>0x000000001972a000 JavaThread "C2 CompilerThread0" daemon [_thread_in_native, id=122700, stack(0x00000000199f0000,0x0000000019af0000)]
  0x0000000019723000 JavaThread "Attach Listener" daemon [_thread_blocked, id=123916, stack(0x00000000198f0000,0x00000000199f0000)]
  0x0000000019716800 JavaThread "Signal Dispatcher" daemon [_thread_blocked, id=131260, stack(0x00000000197f0000,0x00000000198f0000)]
  0x0000000017f61000 JavaThread "Finalizer" daemon [_thread_blocked, id=123016, stack(0x00000000191d0000,0x00000000192d0000)]
  0x000000000334d800 JavaThread "Reference Handler" daemon [_thread_blocked, id=131120, stack(0x00000000190d0000,0x00000000191d0000)]
  0x000000000325d000 JavaThread "Forwarding setTimeout on session f549cbe2e5f2134ab6cb83e391337627 to remote" [_thread_in_native, id=131956, stack(0x0000000003140000,0x0000000003240000)]

Other Threads:
  0x0000000017f36800 VMThread [stack: 0x0000000018fd0000,0x00000000190d0000] [id=131312]
  0x0000000019759800 WatcherThread [stack: 0x0000000019df0000,0x0000000019ef0000] [id=128776]

VM state:not at safepoint (normal execution)

VM Mutex/Monitor currently owned by a thread: None

heap address: 0x0000000080000000, size: 2048 MB, Compressed Oops mode: 32-bit
Narrow klass base: 0x0000000000000000, Narrow klass shift: 3
Compressed class space size: 1073741824 Address: 0x0000000100000000

Heap:
 PSYoungGen      total 247296K, used 78018K [0x00000000d5580000, 0x00000000e8280000, 0x0000000100000000)
  eden space 237056K, 28% used [0x00000000d5580000,0x00000000d98887f0,0x00000000e3d00000)
  from space 10240K, 91% used [0x00000000e4800000,0x00000000e51281b0,0x00000000e5200000)
  to   space 11264K, 0% used [0x00000000e3d00000,0x00000000e3d00000,0x00000000e4800000)
 ParOldGen       total 80384K, used 9826K [0x0000000080000000, 0x0000000084e80000, 0x00000000d5580000)
  object space 80384K, 12% used [0x0000000080000000,0x0000000080998b20,0x0000000084e80000)
 Metaspace       used 30847K, capacity 31880K, committed 32128K, reserved 1077248K
  class space    used 3621K, capacity 3894K, committed 3968K, reserved 1048576K

Card table byte_map: [0x0000000012710000,0x0000000012b20000] byte_map_base: 0x0000000012310000

Marking Bits: (ParMarkBitMap*) 0x000000005c311f00
 Begin Bits: [0x00000000131d0000, 0x00000000151d0000)
 End Bits:   [0x00000000151d0000, 0x00000000171d0000)

Polling page: 0x0000000001830000

CodeCache: size=245760Kb used=14007Kb max_used=14010Kb free=231752Kb
 bounds [0x0000000003350000, 0x0000000004110000, 0x0000000012350000]
 total_blobs=3757 nmethods=3066 adapters=601
 compilation: enabled

Compilation events (10 events):
Event: 7.399 Thread 0x0000000019731000 nmethod 3151 0x0000000004100450 code [0x0000000004100600, 0x0000000004100e38]
Event: 7.401 Thread 0x0000000019731000 3152       3       java.util.stream.PipelineHelper::<init> (5 bytes)
Event: 7.402 Thread 0x0000000019731000 nmethod 3152 0x00000000040f5690 code [0x00000000040f57e0, 0x00000000040f5990]
Event: 7.402 Thread 0x0000000019731000 3153       3       java.util.regex.Matcher::find (35 bytes)
Event: 7.402 Thread 0x0000000019731000 nmethod 3153 0x00000000040ffb50 code [0x00000000040ffd00, 0x0000000004100298]
Event: 7.402 Thread 0x0000000019731000 3154       3       java.util.Formatter::checkText (58 bytes)
Event: 7.403 Thread 0x0000000019731000 nmethod 3154 0x00000000040feb50 code [0x00000000040fed40, 0x00000000040ff648]
Event: 7.403 Thread 0x0000000019731000 3156       3       java.util.regex.Pattern$1::isSatisfiedBy (13 bytes)
Event: 7.403 Thread 0x0000000019731000 nmethod 3156 0x00000000040fe650 code [0x00000000040fe7c0, 0x00000000040fea70]
Event: 7.403 Thread 0x0000000019731000 3155       3       java.util.stream.AbstractPipeline::isParallel (8 bytes)

GC Heap History (10 events):
Event: 2.820 GC heap before
{Heap before GC invocations=5 (full 0):
 PSYoungGen      total 105984K, used 67540K [0x00000000d5580000, 0x00000000dc480000, 0x0000000100000000)
  eden space 98304K, 60% used [0x00000000d5580000,0x00000000d8ff6bd0,0x00000000db580000)
  from space 7680K, 99% used [0x00000000dbd00000,0x00000000dc47e7b8,0x00000000dc480000)
  to   space 7680K, 0% used [0x00000000db580000,0x00000000db580000,0x00000000dbd00000)
 ParOldGen       total 130048K, used 665K [0x0000000080000000, 0x0000000087f00000, 0x00000000d5580000)
  object space 130048K, 0% used [0x0000000080000000,0x00000000800a6758,0x0000000087f00000)
 Metaspace       used 20810K, capacity 21090K, committed 21296K, reserved 1069056K
  class space    used 2313K, capacity 2429K, committed 2432K, reserved 1048576K
Event: 2.845 GC heap after
Heap after GC invocations=5 (full 0):
 PSYoungGen      total 105984K, used 7662K [0x00000000d5580000, 0x00000000e2980000, 0x0000000100000000)
  eden space 98304K, 0% used [0x00000000d5580000,0x00000000d5580000,0x00000000db580000)
  from space 7680K, 99% used [0x00000000db580000,0x00000000dbcfbbd8,0x00000000dbd00000)
  to   space 10240K, 0% used [0x00000000e1f80000,0x00000000e1f80000,0x00000000e2980000)
 ParOldGen       total 130048K, used 2943K [0x0000000080000000, 0x0000000087f00000, 0x00000000d5580000)
  object space 130048K, 2% used [0x0000000080000000,0x00000000802dfe38,0x0000000087f00000)
 Metaspace       used 20810K, capacity 21090K, committed 21296K, reserved 1069056K
  class space    used 2313K, capacity 2429K, committed 2432K, reserved 1048576K
}
Event: 2.845 GC heap before
{Heap before GC invocations=6 (full 1):
 PSYoungGen      total 105984K, used 7662K [0x00000000d5580000, 0x00000000e2980000, 0x0000000100000000)
  eden space 98304K, 0% used [0x00000000d5580000,0x00000000d5580000,0x00000000db580000)
  from space 7680K, 99% used [0x00000000db580000,0x00000000dbcfbbd8,0x00000000dbd00000)
  to   space 10240K, 0% used [0x00000000e1f80000,0x00000000e1f80000,0x00000000e2980000)
 ParOldGen       total 130048K, used 2943K [0x0000000080000000, 0x0000000087f00000, 0x00000000d5580000)
  object space 130048K, 2% used [0x0000000080000000,0x00000000802dfe38,0x0000000087f00000)
 Metaspace       used 20810K, capacity 21090K, committed 21296K, reserved 1069056K
  class space    used 2313K, capacity 2429K, committed 2432K, reserved 1048576K
Event: 2.883 GC heap after
Heap after GC invocations=6 (full 1):
 PSYoungGen      total 105984K, used 0K [0x00000000d5580000, 0x00000000e2980000, 0x0000000100000000)
  eden space 98304K, 0% used [0x00000000d5580000,0x00000000d5580000,0x00000000db580000)
  from space 7680K, 0% used [0x00000000db580000,0x00000000db580000,0x00000000dbd00000)
  to   space 10240K, 0% used [0x00000000e1f80000,0x00000000e1f80000,0x00000000e2980000)
 ParOldGen       total 80384K, used 9818K [0x0000000080000000, 0x0000000084e80000, 0x00000000d5580000)
  object space 80384K, 12% used [0x0000000080000000,0x0000000080996b20,0x0000000084e80000)
 Metaspace       used 20810K, capacity 21090K, committed 21296K, reserved 1069056K
  class space    used 2313K, capacity 2429K, committed 2432K, reserved 1048576K
}
Event: 3.477 GC heap before
{Heap before GC invocations=7 (full 1):
 PSYoungGen      total 105984K, used 98304K [0x00000000d5580000, 0x00000000e2980000, 0x0000000100000000)
  eden space 98304K, 100% used [0x00000000d5580000,0x00000000db580000,0x00000000db580000)
  from space 7680K, 0% used [0x00000000db580000,0x00000000db580000,0x00000000dbd00000)
  to   space 10240K, 0% used [0x00000000e1f80000,0x00000000e1f80000,0x00000000e2980000)
 ParOldGen       total 80384K, used 9818K [0x0000000080000000, 0x0000000084e80000, 0x00000000d5580000)
  object space 80384K, 12% used [0x0000000080000000,0x0000000080996b20,0x0000000084e80000)
 Metaspace       used 22173K, capacity 22538K, committed 22704K, reserved 1069056K
  class space    used 2424K, capacity 2546K, committed 2560K, reserved 1048576K
Event: 3.482 GC heap after
Heap after GC invocations=7 (full 1):
 PSYoungGen      total 157184K, used 2883K [0x00000000d5580000, 0x00000000e2280000, 0x0000000100000000)
  eden space 154112K, 0% used [0x00000000d5580000,0x00000000d5580000,0x00000000dec00000)
  from space 3072K, 93% used [0x00000000e1f80000,0x00000000e2250db8,0x00000000e2280000)
  to   space 10752K, 0% used [0x00000000e0d80000,0x00000000e0d80000,0x00000000e1800000)
 ParOldGen       total 80384K, used 9818K [0x0000000080000000, 0x0000000084e80000, 0x00000000d5580000)
  object space 80384K, 12% used [0x0000000080000000,0x0000000080996b20,0x0000000084e80000)
 Metaspace       used 22173K, capacity 22538K, committed 22704K, reserved 1069056K
  class space    used 2424K, capacity 2546K, committed 2560K, reserved 1048576K
}
Event: 4.247 GC heap before
{Heap before GC invocations=8 (full 1):
 PSYoungGen      total 157184K, used 156995K [0x00000000d5580000, 0x00000000e2280000, 0x0000000100000000)
  eden space 154112K, 100% used [0x00000000d5580000,0x00000000dec00000,0x00000000dec00000)
  from space 3072K, 93% used [0x00000000e1f80000,0x00000000e2250db8,0x00000000e2280000)
  to   space 10752K, 0% used [0x00000000e0d80000,0x00000000e0d80000,0x00000000e1800000)
 ParOldGen       total 80384K, used 9818K [0x0000000080000000, 0x0000000084e80000, 0x00000000d5580000)
  object space 80384K, 12% used [0x0000000080000000,0x0000000080996b20,0x0000000084e80000)
 Metaspace       used 23000K, capacity 23464K, committed 23680K, reserved 1071104K
  class space    used 2489K, capacity 2620K, committed 2688K, reserved 1048576K
Event: 4.256 GC heap after
Heap after GC invocations=8 (full 1):
 PSYoungGen      total 199168K, used 6652K [0x00000000d5580000, 0x00000000e5200000, 0x0000000100000000)
  eden space 188416K, 0% used [0x00000000d5580000,0x00000000d5580000,0x00000000e0d80000)
  from space 10752K, 61% used [0x00000000e0d80000,0x00000000e13ff290,0x00000000e1800000)
  to   space 10240K, 0% used [0x00000000e4800000,0x00000000e4800000,0x00000000e5200000)
 ParOldGen       total 80384K, used 9818K [0x0000000080000000, 0x0000000084e80000, 0x00000000d5580000)
  object space 80384K, 12% used [0x0000000080000000,0x0000000080996b20,0x0000000084e80000)
 Metaspace       used 23000K, capacity 23464K, committed 23680K, reserved 1071104K
  class space    used 2489K, capacity 2620K, committed 2688K, reserved 1048576K
}
Event: 5.313 GC heap before
{Heap before GC invocations=9 (full 1):
 PSYoungGen      total 199168K, used 195068K [0x00000000d5580000, 0x00000000e5200000, 0x0000000100000000)
  eden space 188416K, 100% used [0x00000000d5580000,0x00000000e0d80000,0x00000000e0d80000)
  from space 10752K, 61% used [0x00000000e0d80000,0x00000000e13ff290,0x00000000e1800000)
  to   space 10240K, 0% used [0x00000000e4800000,0x00000000e4800000,0x00000000e5200000)
 ParOldGen       total 80384K, used 9818K [0x0000000080000000, 0x0000000084e80000, 0x00000000d5580000)
  object space 80384K, 12% used [0x0000000080000000,0x0000000080996b20,0x0000000084e80000)
 Metaspace       used 25145K, capacity 25606K, committed 26112K, reserved 1073152K
  class space    used 2814K, capacity 2949K, committed 3072K, reserved 1048576K
Event: 5.323 GC heap after
Heap after GC invocations=9 (full 1):
 PSYoungGen      total 247296K, used 9376K [0x00000000d5580000, 0x00000000e8280000, 0x0000000100000000)
  eden space 237056K, 0% used [0x00000000d5580000,0x00000000d5580000,0x00000000e3d00000)
  from space 10240K, 91% used [0x00000000e4800000,0x00000000e51281b0,0x00000000e5200000)
  to   space 11264K, 0% used [0x00000000e3d00000,0x00000000e3d00000,0x00000000e4800000)
 ParOldGen       total 80384K, used 9826K [0x0000000080000000, 0x0000000084e80000, 0x00000000d5580000)
  object space 80384K, 12% used [0x0000000080000000,0x0000000080998b20,0x0000000084e80000)
 Metaspace       used 25145K, capacity 25606K, committed 26112K, reserved 1073152K
  class space    used 2814K, capacity 2949K, committed 3072K, reserved 1048576K
}

Deoptimization events (10 events):
Event: 6.571 Thread 0x000000000325d000 Uncommon trap: reason=unstable_if action=reinterpret pc=0x0000000003476e98 method=java.util.regex.Pattern$BmpCharProperty.match(Ljava/util/regex/Matcher;ILjava/lang/CharSequence;)Z @ 34
Event: 6.603 Thread 0x000000000325d000 Uncommon trap: reason=class_check action=maybe_recompile pc=0x0000000003f34ce0 method=java.util.HashSet.contains(Ljava/lang/Object;)Z @ 5
Event: 6.603 Thread 0x000000000325d000 Uncommon trap: reason=class_check action=maybe_recompile pc=0x0000000003f34ce0 method=java.util.HashSet.contains(Ljava/lang/Object;)Z @ 5
Event: 7.308 Thread 0x000000000325d000 Uncommon trap: reason=class_check action=maybe_recompile pc=0x00000000040973b4 method=org.openqa.selenium.json.Input.init()V @ 18
Event: 7.309 Thread 0x000000000325d000 Uncommon trap: reason=class_check action=maybe_recompile pc=0x00000000040973b4 method=org.openqa.selenium.json.Input.init()V @ 18
Event: 7.309 Thread 0x000000000325d000 Uncommon trap: reason=class_check action=maybe_recompile pc=0x00000000040973b4 method=org.openqa.selenium.json.Input.init()V @ 18
Event: 7.309 Thread 0x000000000325d000 Uncommon trap: reason=class_check action=maybe_recompile pc=0x00000000040973b4 method=org.openqa.selenium.json.Input.init()V @ 18
Event: 7.349 Thread 0x000000000325d000 Uncommon trap: reason=bimorphic action=maybe_recompile pc=0x000000000387be5c method=java.util.HashMap.putVal(ILjava/lang/Object;Ljava/lang/Object;ZZ)Ljava/lang/Object; @ 203
Event: 7.350 Thread 0x000000000325d000 Uncommon trap: reason=bimorphic action=maybe_recompile pc=0x000000000387be5c method=java.util.HashMap.putVal(ILjava/lang/Object;Ljava/lang/Object;ZZ)Ljava/lang/Object; @ 203
Event: 7.350 Thread 0x000000000325d000 Uncommon trap: reason=bimorphic action=maybe_recompile pc=0x000000000387be5c method=java.util.HashMap.putVal(ILjava/lang/Object;Ljava/lang/Object;ZZ)Ljava/lang/Object; @ 203

Classes redefined (0 events):
No events

Internal exceptions (10 events):
Event: 5.204 Thread 0x000000000325d000 Exception <a 'java/lang/ClassNotFoundException': com/kms/katalon/core/webui/keyword/internal/WebUIAbstractKeywordBeanInfo> (0x00000000e01ef908) thrown at [C:\jenkins\workspace\zulu8-silver-build-win64\zulu-src\hotspot\src\share\vm\classfile\systemDictiona
Event: 5.208 Thread 0x000000000325d000 Exception <a 'java/lang/ClassNotFoundException': com/kms/katalon/core/webui/keyword/internal/WebUIAbstractKeywordCustomizer> (0x00000000e02da420) thrown at [C:\jenkins\workspace\zulu8-silver-build-win64\zulu-src\hotspot\src\share\vm\classfile\systemDictio
Event: 5.211 Thread 0x000000000325d000 Exception <a 'java/lang/ClassNotFoundException': com/kms/katalon/core/webui/keyword/builtin/OpenBrowserKeywordCustomizer> (0x00000000e03c5508) thrown at [C:\jenkins\workspace\zulu8-silver-build-win64\zulu-src\hotspot\src\share\vm\classfile\systemDictionar
Event: 5.223 Thread 0x000000000325d000 Exception <a 'java/lang/ClassNotFoundException': com/kms/katalon/core/webui/keyword/builtin/InternalSmartWaitGroovyWrapperBeanInfo> (0x00000000e0640ed0) thrown at [C:\jenkins\workspace\zulu8-silver-build-win64\zulu-src\hotspot\src\share\vm\classfile\syste
Event: 5.226 Thread 0x000000000325d000 Exception <a 'java/lang/ClassNotFoundException': com/kms/katalon/core/webui/keyword/builtin/InternalSmartWaitGroovyWrapperCustomizer> (0x00000000e0740990) thrown at [C:\jenkins\workspace\zulu8-silver-build-win64\zulu-src\hotspot\src\share\vm\classfile\sys
Event: 6.264 Thread 0x000000001b3d8000 Exception <a 'java/net/SocketTimeoutException': connect timed out> (0x00000000d7843c08) thrown at [C:\jenkins\workspace\zulu8-silver-build-win64\zulu-src\hotspot\src\share\vm\prims\jni.cpp, line 738]
Event: 6.339 Thread 0x000000000325d000 Exception <a 'java/lang/IncompatibleClassChangeError': Found class java.lang.Object, but interface was expected> (0x00000000d6f43028) thrown at [C:\jenkins\workspace\zulu8-silver-build-win64\zulu-src\hotspot\src\share\vm\interpreter\linkResolver.cpp, line
Event: 6.342 Thread 0x000000000325d000 Exception <a 'java/lang/NoSuchMethodError': java.lang.Object.lambda$or$2(Ljava/util/function/Predicate;Ljava/lang/Object;)Z> (0x00000000d6f60128) thrown at [C:\jenkins\workspace\zulu8-silver-build-win64\zulu-src\hotspot\src\share\vm\interpreter\linkResolv
Event: 6.399 Thread 0x000000000325d000 Exception <a 'java/lang/NoSuchMethodError': java.lang.Object.lambda$chars$0()Ljava/util/Spliterator$OfInt;> (0x00000000d7c2ff78) thrown at [C:\jenkins\workspace\zulu8-silver-build-win64\zulu-src\hotspot\src\share\vm\interpreter\linkResolver.cpp, line 620]
Event: 7.314 Thread 0x000000000325d000 Exception <a 'java/lang/NoSuchMethodError': java.lang.Object.lambda$getResponseFunction$0(Lorg/openqa/selenium/remote/InitialHandshakeResponse;)Lorg/openqa/selenium/remote/ProtocolHandshake$Result;> (0x00000000d93d2848) thrown at [C:\jenkins\workspace\zul

Events (10 events):
Event: 7.350 Thread 0x000000000325d000 DEOPT UNPACKING pc=0x000000000339567b sp=0x000000000323b0a0 mode 2
Event: 7.350 Thread 0x000000000325d000 Uncommon trap: trap_request=0xffffffc6 fr.pc=0x000000000387be5c
Event: 7.350 Thread 0x000000000325d000 DEOPT PACKING pc=0x000000000387be5c sp=0x000000000323b190
Event: 7.350 Thread 0x000000000325d000 DEOPT UNPACKING pc=0x000000000339567b sp=0x000000000323b0a0 mode 2
Event: 7.363 loading class org/openqa/selenium/WebDriver
Event: 7.363 loading class org/openqa/selenium/WebDriver done
Event: 7.363 loading class org/openqa/selenium/support/events/EventFiringWebDriver
Event: 7.363 loading class org/openqa/selenium/support/events/EventFiringWebDriver done
Event: 7.363 loading class java/lang/reflect/Proxy$KeyX
Event: 7.363 loading class java/lang/reflect/Proxy$KeyX done


Dynamic libraries:
0x00007ff7d8e90000 - 0x00007ff7d8ec5000 	C:\Katalon_Studio_Windows_64-8.1.0\jre\bin\javaw.exe
0x00007ffe19b50000 - 0x00007ffe19d45000 	C:\Windows\SYSTEM32\ntdll.dll
0x00007ffe19880000 - 0x00007ffe1993d000 	C:\Windows\System32\KERNEL32.DLL
0x00007ffe17510000 - 0x00007ffe177dd000 	C:\Windows\System32\KERNELBASE.dll
0x00007ffe19160000 - 0x00007ffe1920e000 	C:\Windows\System32\ADVAPI32.dll
0x00007ffe18880000 - 0x00007ffe1891e000 	C:\Windows\System32\msvcrt.dll
0x00007ffe18920000 - 0x00007ffe189bc000 	C:\Windows\System32\sechost.dll
0x00007ffe18110000 - 0x00007ffe18235000 	C:\Windows\System32\RPCRT4.dll
0x00007ffe194a0000 - 0x00007ffe19640000 	C:\Windows\System32\USER32.dll
0x00007ffe17b00000 - 0x00007ffe17b22000 	C:\Windows\System32\win32u.dll
0x00007ffe19390000 - 0x00007ffe193ba000 	C:\Windows\System32\GDI32.dll
0x00007ffe177e0000 - 0x00007ffe178eb000 	C:\Windows\System32\gdi32full.dll
0x00007ffe17470000 - 0x00007ffe1750d000 	C:\Windows\System32\msvcp_win.dll
0x00007ffe17320000 - 0x00007ffe17420000 	C:\Windows\System32\ucrtbase.dll
0x00007ffdfbc60000 - 0x00007ffdfbefa000 	C:\Windows\WinSxS\amd64_microsoft.windows.common-controls_6595b64144ccf1df_6.0.19041.1110_none_60b5254171f9507e\COMCTL32.dll
0x00007ffe19120000 - 0x00007ffe19150000 	C:\Windows\System32\IMM32.DLL
0x000000005b9f0000 - 0x000000005bac2000 	C:\Katalon_Studio_Windows_64-8.1.0\jre\bin\msvcr100.dll
0x000000005bad0000 - 0x000000005c395000 	C:\Katalon_Studio_Windows_64-8.1.0\jre\bin\server\jvm.dll
0x00007ffe189c0000 - 0x00007ffe189c8000 	C:\Windows\System32\PSAPI.DLL
0x00007ffe05300000 - 0x00007ffe05327000 	C:\Windows\SYSTEM32\WINMM.dll
0x00007ffe12bb0000 - 0x00007ffe12bb9000 	C:\Windows\SYSTEM32\WSOCK32.dll
0x00007ffe0e230000 - 0x00007ffe0e23a000 	C:\Windows\SYSTEM32\VERSION.dll
0x00007ffe182a0000 - 0x00007ffe1830b000 	C:\Windows\System32\WS2_32.dll
0x00007ffe127f0000 - 0x00007ffe127ff000 	C:\Katalon_Studio_Windows_64-8.1.0\jre\bin\verify.dll
0x00007ffe0e300000 - 0x00007ffe0e329000 	C:\Katalon_Studio_Windows_64-8.1.0\jre\bin\java.dll
0x00007ffe0f770000 - 0x00007ffe0f786000 	C:\Katalon_Studio_Windows_64-8.1.0\jre\bin\zip.dll
0x00007ffe189d0000 - 0x00007ffe19114000 	C:\Windows\System32\SHELL32.dll
0x00007ffe15380000 - 0x00007ffe15b14000 	C:\Windows\SYSTEM32\windows.storage.dll
0x00007ffe17db0000 - 0x00007ffe18104000 	C:\Windows\System32\combase.dll
0x00007ffe16cc0000 - 0x00007ffe16cec000 	C:\Windows\SYSTEM32\Wldp.dll
0x00007ffe197d0000 - 0x00007ffe1987d000 	C:\Windows\System32\SHCORE.dll
0x00007ffe17d50000 - 0x00007ffe17da5000 	C:\Windows\System32\shlwapi.dll
0x00007ffe171a0000 - 0x00007ffe171bf000 	C:\Windows\SYSTEM32\profapi.dll
0x00007ffe0d1e0000 - 0x00007ffe0d1fb000 	C:\Katalon_Studio_Windows_64-8.1.0\jre\bin\net.dll
0x00007ffe169b0000 - 0x00007ffe16a1a000 	C:\Windows\system32\mswsock.dll
0x00007ffe0c510000 - 0x00007ffe0c521000 	C:\Katalon_Studio_Windows_64-8.1.0\jre\bin\nio.dll
0x00007ffe166e0000 - 0x00007ffe167ab000 	C:\Windows\SYSTEM32\DNSAPI.dll
0x00007ffe166a0000 - 0x00007ffe166db000 	C:\Windows\SYSTEM32\IPHLPAPI.DLL
0x00007ffe19150000 - 0x00007ffe19158000 	C:\Windows\System32\NSI.dll
0x00007ffe0cf30000 - 0x00007ffe0cf3a000 	C:\Windows\System32\rasadhlp.dll
0x00007ffe0cc30000 - 0x00007ffe0ccb0000 	C:\Windows\System32\fwpuclnt.dll
0x00007ffe17260000 - 0x00007ffe17287000 	C:\Windows\System32\bcrypt.dll
0x00007ffe0b490000 - 0x00007ffe0b4b4000 	C:\Katalon_Studio_Windows_64-8.1.0\jre\bin\sunec.dll
0x00007ffe0f7a0000 - 0x00007ffe0f7ac000 	C:\Katalon_Studio_Windows_64-8.1.0\jre\bin\sunmscapi.dll
0x00007ffe178f0000 - 0x00007ffe17a46000 	C:\Windows\System32\CRYPT32.dll
0x00007ffe16d30000 - 0x00007ffe16d57000 	C:\Windows\SYSTEM32\ncrypt.dll
0x00007ffe16cf0000 - 0x00007ffe16d2b000 	C:\Windows\SYSTEM32\NTASN1.dll
0x00007ffe16c10000 - 0x00007ffe16c28000 	C:\Windows\SYSTEM32\CRYPTSP.dll
0x00007ffe162d0000 - 0x00007ffe16304000 	C:\Windows\system32\rsaenh.dll
0x00007ffe17160000 - 0x00007ffe1718e000 	C:\Windows\SYSTEM32\USERENV.dll
0x00007ffe17290000 - 0x00007ffe17312000 	C:\Windows\System32\bcryptprimitives.dll
0x00007ffe16c30000 - 0x00007ffe16c3c000 	C:\Windows\SYSTEM32\CRYPTBASE.dll
0x00007ffe111e0000 - 0x00007ffe111f7000 	C:\Windows\SYSTEM32\dhcpcsvc6.DLL
0x00007ffe10e70000 - 0x00007ffe10e8d000 	C:\Windows\SYSTEM32\dhcpcsvc.DLL

VM Arguments:
jvm_args: -Dgroovy.home=C:\Users\diego.rojas/.groovy -Djava.system.class.loader=groovy.lang.GroovyClassLoader -Xmx2048m -Dfile.encoding=UTF-8 
java_command: org.codehaus.groovy.tools.GroovyStarter --classpath C:\Users\diego.rojas\git\Pruebas-Minimas\bin\keyword;C:\Users\diego.rojas\git\Pruebas-Minimas\Keywords;C:\Users\diego.rojas\git\Pruebas-Minimas\bin\listener;C:\Users\diego.rojas\git\Pruebas-Minimas\Test Listeners;C:\Users\diego.rojas\git\Pruebas-Minimas\bin\lib;C:\Users\diego.rojas\git\Pruebas-Minimas\Libs;C:\Users\diego.rojas\git\Pruebas-Minimas\bin\groovy;C:\Users\diego.rojas\git\Pruebas-Minimas\Include\scripts\groovy;C:\Katalon_Studio_Windows_64-8.1.0\plugins\com.kms.katalon.core_1.0.0.202208080933.jar;C:\Katalon_Studio_Windows_64-8.1.0\configuration\resources\lib\aalto-xml-1.0.0.jar;C:\Katalon_Studio_Windows_64-8.1.0\configuration\resources\lib\aspectjweaver-1.9.1.jar;C:\Katalon_Studio_Windows_64-8.1.0\configuration\resources\lib\bcpkix-jdk15on-1.64.jar;C:\Katalon_Studio_Windows_64-8.1.0\configuration\resources\lib\bcprov-jdk15on-1.64.jar;C:\Katalon_Studio_Windows_64-8.1.0\configuration\resources\lib\browsermob-core-2.1.5.jar;C:\Katalon_Studio_Windows_64-8.1.0\configuration\resources\lib\cglib-3.2.10.jar;C:\Katalon_Studio_Windows_64-8.1.0\configuration\resources\lib\commons-codec-1.10.jar;C:\Katalon_Studio_Windows_64-8.1.0\configuration\resources\lib\commons-collections4-4.1.jar;C:\Katalon_Studio_Windows_64-8.1.0\configuration\resources\lib\commons-validator-1.6.jar;C:\Katalon_Studio_Windows_64-8.1.0\configuration\resources\lib\curvesapi-1.04.jar;C:\Katalon_Studio_Windows_64-8.1.0\configuration\resources\lib\dnsjava-2.1.8.jar;C:\Katalon_Studio_Windows_64-8.1.0\configuration\resources\lib\java-client-7.0.0.jar;C:\Katalon_Studio_Windows_64-8.1.0\configuration\resources\lib\jna-4.1.0.jar;C:\Katalon_Studio_Windows_64-8.1.0\configuration\resources\lib\jna-platform-4.1.0.jar;C:\Katalon_Studio_Windows_64-8.1.0\configuration\resources\lib\jzlib-1.1.3.jar;C:\Katalon_Studio_Windows_64-8.1.0\configuration\resources\lib\kat-server.jar;C:\Katalon_Studio_Windows_64-8.1.0\configuration\resources\lib\littleprox
java_class_path (initial): C:\Users\diego.rojas\git\Pruebas-Minimas\bin\keyword;C:\Users\diego.rojas\git\Pruebas-Minimas\bin\listener;C:\Users\diego.rojas\git\Pruebas-Minimas\bin\lib;C:\Users\diego.rojas\git\Pruebas-Minimas\bin\groovy;C:\Users\diego.rojas\git\Pruebas-Minimas\bin;C:\Katalon_Studio_Windows_64-8.1.0\plugins\com.kms.katalon.core_1.0.0.202208080933.jar;C:\Katalon_Studio_Windows_64-8.1.0\configuration\resources\lib\aalto-xml-1.0.0.jar;C:\Katalon_Studio_Windows_64-8.1.0\configuration\resources\lib\aspectjweaver-1.9.1.jar;C:\Katalon_Studio_Windows_64-8.1.0\configuration\resources\lib\bcpkix-jdk15on-1.64.jar;C:\Katalon_Studio_Windows_64-8.1.0\configuration\resources\lib\bcprov-jdk15on-1.64.jar;C:\Katalon_Studio_Windows_64-8.1.0\configuration\resources\lib\browsermob-core-2.1.5.jar;C:\Katalon_Studio_Windows_64-8.1.0\configuration\resources\lib\cglib-3.2.10.jar;C:\Katalon_Studio_Windows_64-8.1.0\configuration\resources\lib\commons-codec-1.10.jar;C:\Katalon_Studio_Windows_64-8.1.0\configuration\resources\lib\commons-collections4-4.1.jar;C:\Katalon_Studio_Windows_64-8.1.0\configuration\resources\lib\commons-validator-1.6.jar;C:\Katalon_Studio_Windows_64-8.1.0\configuration\resources\lib\curvesapi-1.04.jar;C:\Katalon_Studio_Windows_64-8.1.0\configuration\resources\lib\dnsjava-2.1.8.jar;C:\Katalon_Studio_Windows_64-8.1.0\configuration\resources\lib\java-client-7.0.0.jar;C:\Katalon_Studio_Windows_64-8.1.0\configuration\resources\lib\jna-4.1.0.jar;C:\Katalon_Studio_Windows_64-8.1.0\configuration\resources\lib\jna-platform-4.1.0.jar;C:\Katalon_Studio_Windows_64-8.1.0\configuration\resources\lib\jzlib-1.1.3.jar;C:\Katalon_Studio_Windows_64-8.1.0\configuration\resources\lib\kat-server.jar;C:\Katalon_Studio_Windows_64-8.1.0\configuration\resources\lib\littleproxy-1.1.0-beta-bmp-17.jar;C:\Katalon_Studio_Windows_64-8.1.0\configuration\resources\lib\log4j-1.2-api-2.17.1.jar;C:\Katalon_Studio_Windows_64-8.1.0\configuration\resources\lib\log4j-api-2.17.1.jar;C:\Katalon_Stu
Launcher Type: SUN_STANDARD

Environment Variables:
JAVA_HOME=C:\Program Files\Java\jdk1.8.0_202
PATH=C:/Katalon_Studio_Windows_64-8.1.0/jre/bin/server;C:/Katalon_Studio_Windows_64-8.1.0/jre/bin;C:/Katalon_Studio_Windows_64-8.1.0/jre/lib/amd64;c:\devkitPro\msys2\usr\bin;C:\Program Files (x86)\Intel\iCLS Client\;C:\Program Files\Intel\iCLS Client\;C:\Program Files (x86)\Common Files\Oracle\Java\javapath;C:\Windows\system32;C:\Windows;C:\Windows\System32\Wbem;C:\Windows\System32\WindowsPowerShell\v1.0\;C:\Windows\System32\OpenSSH\;C:\Program Files (x86)\Intel\Intel(R) Management Engine Components\DAL;C:\Program Files\Intel\Intel(R) Management Engine Components\DAL;C:\Program Files (x86)\Intel\Intel(R) Management Engine Components\IPT;C:\Program Files\Intel\Intel(R) Management Engine Components\IPT;C:\Program Files\Java\jdk1.8.0_202;C:\Program Files\Microsoft SQL Server\Client SDK\ODBC\130\Tools\Binn\;C:\Program Files (x86)\Microsoft SQL Server\140\Tools\Binn\;C:\Program Files\Microsoft SQL Server\140\Tools\Binn\;C:\Program Files\Microsoft SQL Server\140\DTS\Binn\;C:\Program Files (x86)\Microsoft SQL Server\150\DTS\Binn\;C:\Program Files\Azure Data Studio\bin;C:\Users\diego.rojas\AppData\Local\Microsoft\WindowsApps;C:\Users\diego.rojas\AppData\Local\GitHubDesktop\bin;C:\Program Files\Azure Data Studio\bin;C:\Katalon_Studio_Windows_64-8.1.0;
USERNAME=diego.rojas
OS=Windows_NT
PROCESSOR_IDENTIFIER=Intel64 Family 6 Model 60 Stepping 3, GenuineIntel



---------------  S Y S T E M  ---------------

OS: Windows 10.0 , 64 bit Build 19041 (10.0.19041.1706)

CPU:total 4 (initial active 4) (4 cores per cpu, 1 threads per core) family 6 model 60 stepping 3, cmov, cx8, fxsr, mmx, sse, sse2, sse3, ssse3, sse4.1, sse4.2, popcnt, avx, avx2, aes, clmul, erms, lzcnt, tsc, tscinvbit, bmi1, bmi2

Memory: 4k page, physical 12449048k(1005444k free), swap 41670936k(2232k free)

vm_info: OpenJDK 64-Bit Server VM (25.282-b08) for windows-amd64 JRE (Zulu 8.52.0.23-CA-win64) (1.8.0_282-b08), built on Jan 12 2021 07:45:49 by "tester" with MS VC++ 10.0 (VS2010)

time: Tue Aug 16 17:35:07 2022
timezone: Hora est. Pacífico, Sudamérica
elapsed time: 7.411088 seconds (0d 0h 0m 7s)

